#
# There is insufficient memory for the Java Runtime Environment to continue.
# Native memory allocation (mmap) failed to map 54525952 bytes for G1 virtual space
# Possible reasons:
#   The system is out of physical RAM or swap space
#   The process is running with CompressedOops enabled, and the Java Heap may be blocking the growth of the native heap
# Possible solutions:
#   Reduce memory load on the system
#   Increase physical memory or swap space
#   Check if swap backing store is full
#   Decrease Java heap size (-Xmx/-Xms)
#   Decrease number of Java threads
#   Decrease Java thread stack sizes (-Xss)
#   Set larger code cache with -XX:ReservedCodeCacheSize=
#   JVM is running with Unscaled Compressed Oops mode in which the Java heap is
#     placed in the first 4GB address space. The Java Heap base address is the
#     maximum limit for the native heap growth. Please use -XX:HeapBaseMinAddress
#     to set the Java Heap base and to place the Java Heap above 4GB virtual address.
# This output file may be truncated or incomplete.
#
#  Out of Memory Error (os_windows.cpp:3825), pid=8380, tid=15100
#
# JRE version: OpenJDK Runtime Environment (17.0.10) (build 17.0.10+0--11572160)
# Java VM: OpenJDK 64-Bit Server VM (17.0.10+0--11572160, mixed mode, tiered, compressed oops, compressed class ptrs, g1 gc, windows-amd64)
# No core dump will be written. Minidumps are not enabled by default on client versions of Windows
#

---------------  S U M M A R Y ------------

Command Line: --add-opens=java.base/java.util=ALL-UNNAMED --add-opens=java.base/java.lang=ALL-UNNAMED --add-opens=java.base/java.lang.invoke=ALL-UNNAMED --add-opens=java.prefs/java.util.prefs=ALL-UNNAMED --add-opens=java.base/java.nio.charset=ALL-UNNAMED --add-opens=java.base/java.net=ALL-UNNAMED --add-opens=java.base/java.util.concurrent.atomic=ALL-UNNAMED -Xmx2048m -Dfile.encoding=UTF-8 -Duser.country=IN -Duser.language=en -Duser.variant -javaagent:C:\Users\Anurag\.gradle\wrapper\dists\gradle-8.6-bin\afr5mpiioh2wthjmwnkmdsd5w\gradle-8.6\lib\agents\gradle-instrumentation-agent-8.6.jar org.gradle.launcher.daemon.bootstrap.GradleDaemon 8.6

Host: AMD Ryzen 7 7840HS w/ Radeon 780M Graphics     , 16 cores, 15G,  Windows 11 , 64 bit Build 22621 (10.0.22621.3672)
Time: Sun Jun  2 22:00:34 2024 India Standard Time elapsed time: 4.683548 seconds (0d 0h 0m 4s)

---------------  T H R E A D  ---------------

Current thread (0x00000182db91eb60):  VMThread "VM Thread" [stack: 0x0000006d2c600000,0x0000006d2c700000] [id=15100]

Stack: [0x0000006d2c600000,0x0000006d2c700000]
Native frames: (J=compiled Java code, j=interpreted, Vv=VM code, C=native code)
V  [jvm.dll+0x688e89]
V  [jvm.dll+0x84247a]
V  [jvm.dll+0x8440be]
V  [jvm.dll+0x844723]
V  [jvm.dll+0x24be0f]
V  [jvm.dll+0x685c59]
V  [jvm.dll+0x67a50a]
V  [jvm.dll+0x30cbab]
V  [jvm.dll+0x314056]
V  [jvm.dll+0x363dce]
V  [jvm.dll+0x363fff]
V  [jvm.dll+0x2e2978]
V  [jvm.dll+0x2e0b54]
V  [jvm.dll+0x2e015c]
V  [jvm.dll+0x32502b]
V  [jvm.dll+0x848e1b]
V  [jvm.dll+0x849b61]
V  [jvm.dll+0x84a07d]
V  [jvm.dll+0x84a454]
V  [jvm.dll+0x84a520]
V  [jvm.dll+0x7f0d1a]
V  [jvm.dll+0x687d05]
C  [ucrtbase.dll+0x29333]
C  [KERNEL32.DLL+0x1257d]
C  [ntdll.dll+0x5aa48]

VM_Operation (0x0000006d2e3f4170): G1CollectForAllocation, mode: safepoint, requested by thread 0x00000182e1f47830


---------------  P R O C E S S  ---------------

Threads class SMR info:
_java_thread_list=0x00000182e57b37a0, length=65, elements={
0x00000182befc1b50, 0x00000182dbab02b0, 0x00000182dbab0c80, 0x00000182dbaf76a0,
0x00000182dbaf7f70, 0x00000182dbaf8940, 0x00000182dbafb220, 0x00000182dbafdee0,
0x00000182dbb09db0, 0x00000182dbb0a6c0, 0x00000182dbc96e40, 0x00000182db9084b0,
0x00000182dbcdafd0, 0x00000182dbe19db0, 0x00000182e0012e30, 0x00000182e00046b0,
0x00000182e0867fb0, 0x00000182e0f60880, 0x00000182e2843f30, 0x00000182e2692870,
0x00000182e1cfd250, 0x00000182e20b1010, 0x00000182e24b7ab0, 0x00000182e1cba050,
0x00000182e1f47830, 0x00000182e1e55f00, 0x00000182e1e56410, 0x00000182e1e559f0,
0x00000182e1e57d60, 0x00000182e1e57340, 0x00000182e1e57850, 0x00000182e1e58780,
0x00000182e1e54fd0, 0x00000182e3723c80, 0x00000182e371e160, 0x00000182e3721910,
0x00000182e371e670, 0x00000182e3722d50, 0x00000182e44c83a0, 0x00000182e44c98e0,
0x00000182e371fab0, 0x00000182e3723260, 0x00000182e371f090, 0x00000182e371cd20,
0x00000182e37246a0, 0x00000182e371d740, 0x00000182e3721e20, 0x00000182e371f5a0,
0x00000182e371ffc0, 0x00000182e3723770, 0x00000182e3724190, 0x00000182e371dc50,
0x00000182e37204d0, 0x00000182e37209e0, 0x00000182e3722330, 0x00000182e4fac270,
0x00000182e4fa80a0, 0x00000182e4fa6c60, 0x00000182e4fa7170, 0x00000182e4fabd60,
0x00000182e4fab340, 0x00000182e4fa8ac0, 0x00000182e4fadbc0, 0x00000182e4fa8fd0,
0x00000182e4fac780
}

Java Threads: ( => current thread )
  0x00000182befc1b50 JavaThread "main" [_thread_blocked, id=19012, stack(0x0000006d2c000000,0x0000006d2c100000)]
  0x00000182dbab02b0 JavaThread "Reference Handler" daemon [_thread_blocked, id=13924, stack(0x0000006d2c700000,0x0000006d2c800000)]
  0x00000182dbab0c80 JavaThread "Finalizer" daemon [_thread_blocked, id=13456, stack(0x0000006d2c800000,0x0000006d2c900000)]
  0x00000182dbaf76a0 JavaThread "Signal Dispatcher" daemon [_thread_blocked, id=5348, stack(0x0000006d2c900000,0x0000006d2ca00000)]
  0x00000182dbaf7f70 JavaThread "Attach Listener" daemon [_thread_blocked, id=14256, stack(0x0000006d2ca00000,0x0000006d2cb00000)]
  0x00000182dbaf8940 JavaThread "Service Thread" daemon [_thread_blocked, id=16160, stack(0x0000006d2cb00000,0x0000006d2cc00000)]
  0x00000182dbafb220 JavaThread "Monitor Deflation Thread" daemon [_thread_blocked, id=3624, stack(0x0000006d2cc00000,0x0000006d2cd00000)]
  0x00000182dbafdee0 JavaThread "C2 CompilerThread0" daemon [_thread_blocked, id=14340, stack(0x0000006d2cd00000,0x0000006d2ce00000)]
  0x00000182dbb09db0 JavaThread "C1 CompilerThread0" daemon [_thread_blocked, id=13568, stack(0x0000006d2ce00000,0x0000006d2cf00000)]
  0x00000182dbb0a6c0 JavaThread "Sweeper thread" daemon [_thread_blocked, id=15924, stack(0x0000006d2cf00000,0x0000006d2d000000)]
  0x00000182dbc96e40 JavaThread "Common-Cleaner" daemon [_thread_blocked, id=9876, stack(0x0000006d2d000000,0x0000006d2d100000)]
  0x00000182db9084b0 JavaThread "C1 CompilerThread1" daemon [_thread_blocked, id=15676, stack(0x0000006d2d100000,0x0000006d2d200000)]
  0x00000182dbcdafd0 JavaThread "C1 CompilerThread2" daemon [_thread_blocked, id=5540, stack(0x0000006d2d200000,0x0000006d2d300000)]
  0x00000182dbe19db0 JavaThread "Notification Thread" daemon [_thread_blocked, id=2716, stack(0x0000006d2d300000,0x0000006d2d400000)]
  0x00000182e0012e30 JavaThread "C2 CompilerThread1" daemon [_thread_blocked, id=16236, stack(0x0000006d2d500000,0x0000006d2d600000)]
  0x00000182e00046b0 JavaThread "C2 CompilerThread2" daemon [_thread_blocked, id=19016, stack(0x0000006d2d600000,0x0000006d2d700000)]
  0x00000182e0867fb0 JavaThread "C2 CompilerThread3" daemon [_thread_blocked, id=15652, stack(0x0000006d2d700000,0x0000006d2d800000)]
  0x00000182e0f60880 JavaThread "C1 CompilerThread3" daemon [_thread_blocked, id=3712, stack(0x0000006d2d800000,0x0000006d2d900000)]
  0x00000182e2843f30 JavaThread "Daemon health stats" [_thread_blocked, id=16536, stack(0x0000006d2dd00000,0x0000006d2de00000)]
  0x00000182e2692870 JavaThread "Incoming local TCP Connector on port 54073" [_thread_in_native, id=6328, stack(0x0000006d2de00000,0x0000006d2df00000)]
  0x00000182e1cfd250 JavaThread "Daemon periodic checks" [_thread_blocked, id=3160, stack(0x0000006d2df00000,0x0000006d2e000000)]
  0x00000182e20b1010 JavaThread "Daemon" [_thread_blocked, id=2900, stack(0x0000006d2e000000,0x0000006d2e100000)]
  0x00000182e24b7ab0 JavaThread "Handler for socket connection from /127.0.0.1:54073 to /127.0.0.1:54074" [_thread_in_native, id=3452, stack(0x0000006d2e100000,0x0000006d2e200000)]
  0x00000182e1cba050 JavaThread "Cancel handler" [_thread_blocked, id=19100, stack(0x0000006d2e200000,0x0000006d2e300000)]
  0x00000182e1f47830 JavaThread "Daemon worker" [_thread_blocked, id=7220, stack(0x0000006d2e300000,0x0000006d2e400000)]
  0x00000182e1e55f00 JavaThread "Asynchronous log dispatcher for DefaultDaemonConnection: socket connection from /127.0.0.1:54073 to /127.0.0.1:54074" [_thread_blocked, id=19004, stack(0x0000006d2e400000,0x0000006d2e500000)]
  0x00000182e1e56410 JavaThread "Stdin handler" [_thread_blocked, id=7804, stack(0x0000006d2e500000,0x0000006d2e600000)]
  0x00000182e1e559f0 JavaThread "Daemon client event forwarder" [_thread_blocked, id=11316, stack(0x0000006d2e600000,0x0000006d2e700000)]
  0x00000182e1e57d60 JavaThread "Cache worker for journal cache (C:\Users\Anurag\.gradle\caches\journal-1)" [_thread_blocked, id=5024, stack(0x0000006d2f100000,0x0000006d2f200000)]
  0x00000182e1e57340 JavaThread "File lock request listener" [_thread_in_native, id=1836, stack(0x0000006d2f200000,0x0000006d2f300000)]
  0x00000182e1e57850 JavaThread "Cache worker for file hash cache (C:\Users\Anurag\.gradle\caches\8.6\fileHashes)" [_thread_blocked, id=14456, stack(0x0000006d2f300000,0x0000006d2f400000)]
  0x00000182e1e58780 JavaThread "File watcher server" daemon [_thread_blocked, id=17956, stack(0x0000006d2f400000,0x0000006d2f500000)]
  0x00000182e1e54fd0 JavaThread "File watcher consumer" daemon [_thread_blocked, id=17596, stack(0x0000006d2f500000,0x0000006d2f600000)]
  0x00000182e3723c80 JavaThread "Cache worker for checksums cache (E:\Android Projects\SigninCompose\.gradle\8.6\checksums)" [_thread_blocked, id=3796, stack(0x0000006d2f600000,0x0000006d2f700000)]
  0x00000182e371e160 JavaThread "Cache worker for file hash cache (E:\Android Projects\SigninCompose\.gradle\8.6\fileHashes)" [_thread_blocked, id=13732, stack(0x0000006d2f700000,0x0000006d2f800000)]
  0x00000182e3721910 JavaThread "Cache worker for cache directory md-supplier (C:\Users\Anurag\.gradle\caches\8.6\md-supplier)" [_thread_blocked, id=19412, stack(0x0000006d2f800000,0x0000006d2f900000)]
  0x00000182e371e670 JavaThread "Cache worker for cache directory md-rule (C:\Users\Anurag\.gradle\caches\8.6\md-rule)" [_thread_blocked, id=2964, stack(0x0000006d2f900000,0x0000006d2fa00000)]
  0x00000182e3722d50 JavaThread "Cache worker for file content cache (C:\Users\Anurag\.gradle\caches\8.6\fileContent)" [_thread_blocked, id=18124, stack(0x0000006d2fa00000,0x0000006d2fb00000)]
  0x00000182e44c83a0 JavaThread "C2 CompilerThread4" daemon [_thread_blocked, id=15320, stack(0x0000006d2fb00000,0x0000006d2fc00000)]
  0x00000182e44c98e0 JavaThread "C2 CompilerThread5" daemon [_thread_blocked, id=6712, stack(0x0000006d2fc00000,0x0000006d2fd00000)]
  0x00000182e371fab0 JavaThread "jar transforms" [_thread_blocked, id=2836, stack(0x0000006d2fd00000,0x0000006d2fe00000)]
  0x00000182e3723260 JavaThread "jar transforms Thread 2" [_thread_blocked, id=6936, stack(0x0000006d2fe00000,0x0000006d2ff00000)]
  0x00000182e371f090 JavaThread "jar transforms Thread 3" [_thread_blocked, id=19268, stack(0x0000006d2ff00000,0x0000006d30000000)]
  0x00000182e371cd20 JavaThread "jar transforms Thread 4" [_thread_blocked, id=17148, stack(0x0000006d30000000,0x0000006d30100000)]
  0x00000182e37246a0 JavaThread "Cache worker for Build Output Cleanup Cache (E:\Android Projects\SigninCompose\.gradle\buildOutputCleanup)" [_thread_blocked, id=2816, stack(0x0000006d30100000,0x0000006d30200000)]
  0x00000182e371d740 JavaThread "jar transforms Thread 5" [_thread_blocked, id=1980, stack(0x0000006d30200000,0x0000006d30300000)]
  0x00000182e3721e20 JavaThread "jar transforms Thread 6" [_thread_blocked, id=1460, stack(0x0000006d30300000,0x0000006d30400000)]
  0x00000182e371f5a0 JavaThread "Unconstrained build operations" [_thread_blocked, id=5860, stack(0x0000006d30400000,0x0000006d30500000)]
  0x00000182e371ffc0 JavaThread "Unconstrained build operations Thread 2" [_thread_blocked, id=12372, stack(0x0000006d30500000,0x0000006d30600000)]
  0x00000182e3723770 JavaThread "Unconstrained build operations Thread 3" [_thread_blocked, id=16448, stack(0x0000006d30600000,0x0000006d30700000)]
  0x00000182e3724190 JavaThread "Unconstrained build operations Thread 4" [_thread_blocked, id=6384, stack(0x0000006d30700000,0x0000006d30800000)]
  0x00000182e371dc50 JavaThread "Unconstrained build operations Thread 5" [_thread_blocked, id=3884, stack(0x0000006d30800000,0x0000006d30900000)]
  0x00000182e37204d0 JavaThread "Unconstrained build operations Thread 6" [_thread_blocked, id=13780, stack(0x0000006d30900000,0x0000006d30a00000)]
  0x00000182e37209e0 JavaThread "Unconstrained build operations Thread 7" [_thread_blocked, id=19064, stack(0x0000006d30a00000,0x0000006d30b00000)]
  0x00000182e3722330 JavaThread "Unconstrained build operations Thread 8" [_thread_blocked, id=14536, stack(0x0000006d30b00000,0x0000006d30c00000)]
  0x00000182e4fac270 JavaThread "Unconstrained build operations Thread 9" [_thread_blocked, id=14012, stack(0x0000006d30c00000,0x0000006d30d00000)]
  0x00000182e4fa80a0 JavaThread "Unconstrained build operations Thread 10" [_thread_blocked, id=17376, stack(0x0000006d30d00000,0x0000006d30e00000)]
  0x00000182e4fa6c60 JavaThread "Unconstrained build operations Thread 11" [_thread_blocked, id=9592, stack(0x0000006d30e00000,0x0000006d30f00000)]
  0x00000182e4fa7170 JavaThread "Unconstrained build operations Thread 12" [_thread_blocked, id=6796, stack(0x0000006d30f00000,0x0000006d31000000)]
  0x00000182e4fabd60 JavaThread "Unconstrained build operations Thread 13" [_thread_blocked, id=11560, stack(0x0000006d31000000,0x0000006d31100000)]
  0x00000182e4fab340 JavaThread "Unconstrained build operations Thread 14" [_thread_blocked, id=13064, stack(0x0000006d31100000,0x0000006d31200000)]
  0x00000182e4fa8ac0 JavaThread "Unconstrained build operations Thread 15" [_thread_blocked, id=12760, stack(0x0000006d31200000,0x0000006d31300000)]
  0x00000182e4fadbc0 JavaThread "jar transforms Thread 7" [_thread_blocked, id=19248, stack(0x0000006d31500000,0x0000006d31600000)]
  0x00000182e4fa8fd0 JavaThread "jar transforms Thread 8" [_thread_blocked, id=13472, stack(0x0000006d31600000,0x0000006d31700000)]
  0x00000182e4fac780 JavaThread "build event listener" [_thread_blocked, id=8276, stack(0x0000006d31300000,0x0000006d31400000)]

Other Threads:
=>0x00000182db91eb60 VMThread "VM Thread" [stack: 0x0000006d2c600000,0x0000006d2c700000] [id=15100]
  0x00000182dbd9d810 WatcherThread [stack: 0x0000006d2d400000,0x0000006d2d500000] [id=6744]
  0x00000182bed1e840 GCTaskThread "GC Thread#0" [stack: 0x0000006d2c100000,0x0000006d2c200000] [id=16164]
  0x00000182e17be5e0 GCTaskThread "GC Thread#1" [stack: 0x0000006d2d900000,0x0000006d2da00000] [id=16100]
  0x00000182e17be8a0 GCTaskThread "GC Thread#2" [stack: 0x0000006d2da00000,0x0000006d2db00000] [id=16956]
  0x00000182e11ab8c0 GCTaskThread "GC Thread#3" [stack: 0x0000006d2db00000,0x0000006d2dc00000] [id=5812]
  0x00000182e11abb80 GCTaskThread "GC Thread#4" [stack: 0x0000006d2dc00000,0x0000006d2dd00000] [id=6520]
  0x00000182e0904830 GCTaskThread "GC Thread#5" [stack: 0x0000006d2e700000,0x0000006d2e800000] [id=10772]
  0x00000182e164b550 GCTaskThread "GC Thread#6" [stack: 0x0000006d2e800000,0x0000006d2e900000] [id=18740]
  0x00000182e2019870 GCTaskThread "GC Thread#7" [stack: 0x0000006d2e900000,0x0000006d2ea00000] [id=15632]
  0x00000182e1cfd730 GCTaskThread "GC Thread#8" [stack: 0x0000006d2ea00000,0x0000006d2eb00000] [id=16472]
  0x00000182e171cc90 GCTaskThread "GC Thread#9" [stack: 0x0000006d2eb00000,0x0000006d2ec00000] [id=9756]
  0x00000182e2b69480 GCTaskThread "GC Thread#10" [stack: 0x0000006d2ec00000,0x0000006d2ed00000] [id=12600]
  0x00000182e2b443d0 GCTaskThread "GC Thread#11" [stack: 0x0000006d2ed00000,0x0000006d2ee00000] [id=15372]
  0x00000182e1b04920 GCTaskThread "GC Thread#12" [stack: 0x0000006d2ee00000,0x0000006d2ef00000] [id=15964]
  0x00000182bf02b9d0 ConcurrentGCThread "G1 Main Marker" [stack: 0x0000006d2c200000,0x0000006d2c300000] [id=4464]
  0x00000182bf02caa0 ConcurrentGCThread "G1 Conc#0" [stack: 0x0000006d2c300000,0x0000006d2c400000] [id=17588]
  0x00000182e19df270 ConcurrentGCThread "G1 Conc#1" [stack: 0x0000006d2ef00000,0x0000006d2f000000] [id=15428]
  0x00000182e19df7f0 ConcurrentGCThread "G1 Conc#2" [stack: 0x0000006d2f000000,0x0000006d2f100000] [id=7152]
  0x00000182bf06ec70 ConcurrentGCThread "G1 Refine#0" [stack: 0x0000006d2c400000,0x0000006d2c500000] [id=2352]
  0x00000182db7c04c0 ConcurrentGCThread "G1 Service" [stack: 0x0000006d2c500000,0x0000006d2c600000] [id=11324]

Threads with active compile tasks:

VM state: at safepoint (normal execution)

VM Mutex/Monitor currently owned by a thread:  ([mutex/lock_event])
[0x00000182befbdbe0] Threads_lock - owner thread: 0x00000182db91eb60
[0x00000182befbd760] Heap_lock - owner thread: 0x00000182e1f47830

Heap address: 0x0000000080000000, size: 2048 MB, Compressed Oops mode: 32-bit

CDS archive(s) not mapped
Compressed class space mapped at: 0x0000000100000000-0x0000000140000000, reserved size: 1073741824
Narrow klass base: 0x0000000000000000, Narrow klass shift: 3, Narrow klass range: 0x140000000

GC Precious Log:
 CPUs: 16 total, 16 available
 Memory: 15654M
 Large Page Support: Disabled
 NUMA Support: Disabled
 Compressed Oops: Enabled (32-bit)
 Heap Region Size: 1M
 Heap Min Capacity: 8M
 Heap Initial Capacity: 246M
 Heap Max Capacity: 2G
 Pre-touch: Disabled
 Parallel Workers: 13
 Concurrent Workers: 3
 Concurrent Refinement Workers: 13
 Periodic GC: Disabled

Heap:
 garbage-first heap   total 112640K, used 64491K [0x0000000080000000, 0x0000000100000000)
  region size 1024K, 1 young (1024K), 1 survivors (1024K)
 Metaspace       used 62538K, committed 63040K, reserved 1114112K
  class space    used 8586K, committed 8832K, reserved 1048576K

Heap Regions: E=young(eden), S=young(survivor), O=old, HS=humongous(starts), HC=humongous(continues), CS=collection set, F=free, OA=open archive, CA=closed archive, TAMS=top-at-mark-start (previous, next)
|   0|0x0000000080000000, 0x0000000080100000, 0x0000000080100000|100%|HS|  |TAMS 0x0000000080100000, 0x0000000080100000| Complete 
|   1|0x0000000080100000, 0x0000000080200000, 0x0000000080200000|100%|HC|  |TAMS 0x0000000080200000, 0x0000000080200000| Complete 
|   2|0x0000000080200000, 0x0000000080300000, 0x0000000080300000|100%|HC|  |TAMS 0x0000000080300000, 0x0000000080300000| Complete 
|   3|0x0000000080300000, 0x0000000080400000, 0x0000000080400000|100%|HC|  |TAMS 0x0000000080400000, 0x0000000080400000| Complete 
|   4|0x0000000080400000, 0x0000000080500000, 0x0000000080500000|100%| O|  |TAMS 0x0000000080500000, 0x0000000080500000| Untracked 
|   5|0x0000000080500000, 0x0000000080600000, 0x0000000080600000|100%| O|  |TAMS 0x0000000080600000, 0x0000000080600000| Untracked 
|   6|0x0000000080600000, 0x0000000080700000, 0x0000000080700000|100%| O|  |TAMS 0x0000000080700000, 0x0000000080700000| Untracked 
|   7|0x0000000080700000, 0x0000000080800000, 0x0000000080800000|100%| O|  |TAMS 0x0000000080800000, 0x0000000080800000| Untracked 
|   8|0x0000000080800000, 0x0000000080900000, 0x0000000080900000|100%| O|  |TAMS 0x0000000080900000, 0x0000000080900000| Untracked 
|   9|0x0000000080900000, 0x0000000080a00000, 0x0000000080a00000|100%| O|  |TAMS 0x0000000080a00000, 0x0000000080a00000| Untracked 
|  10|0x0000000080a00000, 0x0000000080b00000, 0x0000000080b00000|100%|HS|  |TAMS 0x0000000080a00000, 0x0000000080b00000| Complete 
|  11|0x0000000080b00000, 0x0000000080c00000, 0x0000000080c00000|100%| O|  |TAMS 0x0000000080c00000, 0x0000000080c00000| Untracked 
|  12|0x0000000080c00000, 0x0000000080d00000, 0x0000000080d00000|100%| O|  |TAMS 0x0000000080d00000, 0x0000000080d00000| Untracked 
|  13|0x0000000080d00000, 0x0000000080e00000, 0x0000000080e00000|100%| O|  |TAMS 0x0000000080e00000, 0x0000000080e00000| Untracked 
|  14|0x0000000080e00000, 0x0000000080f00000, 0x0000000080f00000|100%| O|  |TAMS 0x0000000080f00000, 0x0000000080f00000| Untracked 
|  15|0x0000000080f00000, 0x0000000081000000, 0x0000000081000000|100%| O|  |TAMS 0x0000000081000000, 0x0000000081000000| Untracked 
|  16|0x0000000081000000, 0x0000000081100000, 0x0000000081100000|100%| O|  |TAMS 0x0000000081100000, 0x0000000081100000| Untracked 
|  17|0x0000000081100000, 0x0000000081200000, 0x0000000081200000|100%| O|  |TAMS 0x0000000081200000, 0x0000000081200000| Untracked 
|  18|0x0000000081200000, 0x0000000081300000, 0x0000000081300000|100%| O|  |TAMS 0x0000000081300000, 0x0000000081300000| Untracked 
|  19|0x0000000081300000, 0x0000000081400000, 0x0000000081400000|100%| O|  |TAMS 0x0000000081400000, 0x0000000081400000| Untracked 
|  20|0x0000000081400000, 0x0000000081500000, 0x0000000081500000|100%| O|  |TAMS 0x0000000081500000, 0x0000000081500000| Untracked 
|  21|0x0000000081500000, 0x0000000081600000, 0x0000000081600000|100%| O|  |TAMS 0x0000000081600000, 0x0000000081600000| Untracked 
|  22|0x0000000081600000, 0x0000000081700000, 0x0000000081700000|100%| O|  |TAMS 0x0000000081700000, 0x0000000081700000| Untracked 
|  23|0x0000000081700000, 0x0000000081800000, 0x0000000081800000|100%| O|  |TAMS 0x0000000081800000, 0x0000000081800000| Untracked 
|  24|0x0000000081800000, 0x0000000081900000, 0x0000000081900000|100%| O|  |TAMS 0x0000000081900000, 0x0000000081900000| Untracked 
|  25|0x0000000081900000, 0x0000000081a00000, 0x0000000081a00000|100%| O|  |TAMS 0x0000000081a00000, 0x0000000081a00000| Untracked 
|  26|0x0000000081a00000, 0x0000000081b00000, 0x0000000081b00000|100%| O|  |TAMS 0x0000000081b00000, 0x0000000081b00000| Untracked 
|  27|0x0000000081b00000, 0x0000000081c00000, 0x0000000081c00000|100%| O|  |TAMS 0x0000000081c00000, 0x0000000081c00000| Untracked 
|  28|0x0000000081c00000, 0x0000000081d00000, 0x0000000081d00000|100%| O|  |TAMS 0x0000000081d00000, 0x0000000081d00000| Untracked 
|  29|0x0000000081d00000, 0x0000000081e00000, 0x0000000081e00000|100%| O|  |TAMS 0x0000000081e00000, 0x0000000081e00000| Untracked 
|  30|0x0000000081e00000, 0x0000000081f00000, 0x0000000081f00000|100%| O|  |TAMS 0x0000000081f00000, 0x0000000081f00000| Untracked 
|  31|0x0000000081f00000, 0x0000000082000000, 0x0000000082000000|100%| O|  |TAMS 0x0000000082000000, 0x0000000082000000| Untracked 
|  32|0x0000000082000000, 0x0000000082100000, 0x0000000082100000|100%| O|  |TAMS 0x0000000082100000, 0x0000000082100000| Untracked 
|  33|0x0000000082100000, 0x0000000082100000, 0x0000000082200000|  0%| F|  |TAMS 0x0000000082100000, 0x0000000082100000| Untracked 
|  34|0x0000000082200000, 0x0000000082300000, 0x0000000082300000|100%| O|  |TAMS 0x0000000082300000, 0x0000000082300000| Untracked 
|  35|0x0000000082300000, 0x0000000082400000, 0x0000000082400000|100%|HS|  |TAMS 0x0000000082400000, 0x0000000082400000| Complete 
|  36|0x0000000082400000, 0x0000000082500000, 0x0000000082500000|100%|HS|  |TAMS 0x0000000082500000, 0x0000000082500000| Complete 
|  37|0x0000000082500000, 0x0000000082600000, 0x0000000082600000|100%| O|  |TAMS 0x0000000082600000, 0x0000000082600000| Untracked 
|  38|0x0000000082600000, 0x0000000082700000, 0x0000000082700000|100%| O|  |TAMS 0x0000000082700000, 0x0000000082700000| Untracked 
|  39|0x0000000082700000, 0x0000000082800000, 0x0000000082800000|100%| O|  |TAMS 0x0000000082800000, 0x0000000082800000| Untracked 
|  40|0x0000000082800000, 0x0000000082900000, 0x0000000082900000|100%| O|  |TAMS 0x0000000082900000, 0x0000000082900000| Untracked 
|  41|0x0000000082900000, 0x0000000082a00000, 0x0000000082a00000|100%| O|  |TAMS 0x0000000082a00000, 0x0000000082a00000| Untracked 
|  42|0x0000000082a00000, 0x0000000082b00000, 0x0000000082b00000|100%| O|  |TAMS 0x0000000082b00000, 0x0000000082b00000| Untracked 
|  43|0x0000000082b00000, 0x0000000082c00000, 0x0000000082c00000|100%| O|  |TAMS 0x0000000082c00000, 0x0000000082c00000| Untracked 
|  44|0x0000000082c00000, 0x0000000082d00000, 0x0000000082d00000|100%|HS|  |TAMS 0x0000000082d00000, 0x0000000082d00000| Complete 
|  45|0x0000000082d00000, 0x0000000082e00000, 0x0000000082e00000|100%|HC|  |TAMS 0x0000000082e00000, 0x0000000082e00000| Complete 
|  46|0x0000000082e00000, 0x0000000082f00000, 0x0000000082f00000|100%|HS|  |TAMS 0x0000000082f00000, 0x0000000082f00000| Complete 
|  47|0x0000000082f00000, 0x0000000083000000, 0x0000000083000000|100%|HC|  |TAMS 0x0000000083000000, 0x0000000083000000| Complete 
|  48|0x0000000083000000, 0x0000000083100000, 0x0000000083100000|100%|HS|  |TAMS 0x0000000083100000, 0x0000000083100000| Complete 
|  49|0x0000000083100000, 0x0000000083200000, 0x0000000083200000|100%|HS|  |TAMS 0x0000000083200000, 0x0000000083200000| Complete 
|  50|0x0000000083200000, 0x0000000083300000, 0x0000000083300000|100%|HC|  |TAMS 0x0000000083300000, 0x0000000083300000| Complete 
|  51|0x0000000083300000, 0x0000000083400000, 0x0000000083400000|100%|HC|  |TAMS 0x0000000083400000, 0x0000000083400000| Complete 
|  52|0x0000000083400000, 0x0000000083500000, 0x0000000083500000|100%|HC|  |TAMS 0x0000000083500000, 0x0000000083500000| Complete 
|  53|0x0000000083500000, 0x0000000083600000, 0x0000000083600000|100%|HS|  |TAMS 0x0000000083600000, 0x0000000083600000| Complete 
|  54|0x0000000083600000, 0x0000000083700000, 0x0000000083700000|100%| O|  |TAMS 0x0000000083700000, 0x0000000083700000| Untracked 
|  55|0x0000000083700000, 0x0000000083800000, 0x0000000083800000|100%|HS|  |TAMS 0x0000000083800000, 0x0000000083800000| Complete 
|  56|0x0000000083800000, 0x0000000083900000, 0x0000000083900000|100%| O|  |TAMS 0x0000000083900000, 0x0000000083900000| Untracked 
|  57|0x0000000083900000, 0x0000000083a00000, 0x0000000083a00000|100%| O|  |TAMS 0x0000000083a00000, 0x0000000083a00000| Untracked 
|  58|0x0000000083a00000, 0x0000000083b00000, 0x0000000083b00000|100%| O|  |TAMS 0x0000000083b00000, 0x0000000083b00000| Untracked 
|  59|0x0000000083b00000, 0x0000000083c00000, 0x0000000083c00000|100%| O|  |TAMS 0x0000000083c00000, 0x0000000083c00000| Untracked 
|  60|0x0000000083c00000, 0x0000000083d00000, 0x0000000083d00000|100%| O|  |TAMS 0x0000000083d00000, 0x0000000083d00000| Untracked 
|  61|0x0000000083d00000, 0x0000000083e00000, 0x0000000083e00000|100%| O|  |TAMS 0x0000000083d88800, 0x0000000083e00000| Untracked 
|  62|0x0000000083e00000, 0x0000000083f00000, 0x0000000083f00000|100%| O|  |TAMS 0x0000000083e00000, 0x0000000083f00000| Untracked 
|  63|0x0000000083f00000, 0x0000000083f25000, 0x0000000084000000| 14%| O|  |TAMS 0x0000000083f00000, 0x0000000083f25000| Untracked 
|  64|0x0000000084000000, 0x0000000084000000, 0x0000000084100000|  0%| F|  |TAMS 0x0000000084000000, 0x0000000084000000| Untracked 
|  65|0x0000000084100000, 0x0000000084100000, 0x0000000084200000|  0%| F|  |TAMS 0x0000000084100000, 0x0000000084100000| Untracked 
|  66|0x0000000084200000, 0x0000000084200000, 0x0000000084300000|  0%| F|  |TAMS 0x0000000084200000, 0x0000000084200000| Untracked 
|  67|0x0000000084300000, 0x0000000084300000, 0x0000000084400000|  0%| F|  |TAMS 0x0000000084300000, 0x0000000084300000| Untracked 
|  68|0x0000000084400000, 0x0000000084400000, 0x0000000084500000|  0%| F|  |TAMS 0x0000000084400000, 0x0000000084400000| Untracked 
|  69|0x0000000084500000, 0x0000000084500000, 0x0000000084600000|  0%| F|  |TAMS 0x0000000084500000, 0x0000000084500000| Untracked 
|  70|0x0000000084600000, 0x0000000084600000, 0x0000000084700000|  0%| F|  |TAMS 0x0000000084600000, 0x0000000084600000| Untracked 
|  71|0x0000000084700000, 0x0000000084700000, 0x0000000084800000|  0%| F|  |TAMS 0x0000000084700000, 0x0000000084700000| Untracked 
|  72|0x0000000084800000, 0x0000000084800000, 0x0000000084900000|  0%| F|  |TAMS 0x0000000084800000, 0x0000000084800000| Untracked 
|  73|0x0000000084900000, 0x0000000084900000, 0x0000000084a00000|  0%| F|  |TAMS 0x0000000084900000, 0x0000000084900000| Untracked 
|  74|0x0000000084a00000, 0x0000000084a00000, 0x0000000084b00000|  0%| F|  |TAMS 0x0000000084a00000, 0x0000000084a00000| Untracked 
|  75|0x0000000084b00000, 0x0000000084b00000, 0x0000000084c00000|  0%| F|  |TAMS 0x0000000084b00000, 0x0000000084b00000| Untracked 
|  76|0x0000000084c00000, 0x0000000084c00000, 0x0000000084d00000|  0%| F|  |TAMS 0x0000000084c00000, 0x0000000084c00000| Untracked 
|  77|0x0000000084d00000, 0x0000000084d00000, 0x0000000084e00000|  0%| F|  |TAMS 0x0000000084d00000, 0x0000000084d00000| Untracked 
|  78|0x0000000084e00000, 0x0000000084e00000, 0x0000000084f00000|  0%| F|  |TAMS 0x0000000084e00000, 0x0000000084e00000| Untracked 
|  79|0x0000000084f00000, 0x0000000084f00000, 0x0000000085000000|  0%| F|  |TAMS 0x0000000084f00000, 0x0000000084f00000| Untracked 
|  80|0x0000000085000000, 0x0000000085000000, 0x0000000085100000|  0%| F|  |TAMS 0x0000000085000000, 0x0000000085000000| Untracked 
|  81|0x0000000085100000, 0x0000000085100000, 0x0000000085200000|  0%| F|  |TAMS 0x0000000085100000, 0x0000000085100000| Untracked 
|  82|0x0000000085200000, 0x0000000085200000, 0x0000000085300000|  0%| F|  |TAMS 0x0000000085200000, 0x0000000085200000| Untracked 
|  83|0x0000000085300000, 0x0000000085300000, 0x0000000085400000|  0%| F|  |TAMS 0x0000000085300000, 0x0000000085300000| Untracked 
|  84|0x0000000085400000, 0x0000000085400000, 0x0000000085500000|  0%| F|  |TAMS 0x0000000085400000, 0x0000000085400000| Untracked 
|  85|0x0000000085500000, 0x00000000855d5c60, 0x0000000085600000| 83%| S|CS|TAMS 0x0000000085500000, 0x0000000085500000| Complete 
|  86|0x0000000085600000, 0x0000000085600000, 0x0000000085700000|  0%| F|  |TAMS 0x0000000085600000, 0x0000000085600000| Untracked 
|  87|0x0000000085700000, 0x0000000085700000, 0x0000000085800000|  0%| F|  |TAMS 0x0000000085700000, 0x0000000085700000| Untracked 
|  88|0x0000000085800000, 0x0000000085800000, 0x0000000085900000|  0%| F|  |TAMS 0x0000000085800000, 0x0000000085800000| Untracked 
|  89|0x0000000085900000, 0x0000000085900000, 0x0000000085a00000|  0%| F|  |TAMS 0x0000000085900000, 0x0000000085900000| Untracked 
|  90|0x0000000085a00000, 0x0000000085a00000, 0x0000000085b00000|  0%| F|  |TAMS 0x0000000085a00000, 0x0000000085a00000| Untracked 
|  91|0x0000000085b00000, 0x0000000085b00000, 0x0000000085c00000|  0%| F|  |TAMS 0x0000000085b00000, 0x0000000085b00000| Untracked 
|  92|0x0000000085c00000, 0x0000000085c00000, 0x0000000085d00000|  0%| F|  |TAMS 0x0000000085c00000, 0x0000000085c00000| Untracked 
|  93|0x0000000085d00000, 0x0000000085d00000, 0x0000000085e00000|  0%| F|  |TAMS 0x0000000085d00000, 0x0000000085d00000| Untracked 
|  94|0x0000000085e00000, 0x0000000085e00000, 0x0000000085f00000|  0%| F|  |TAMS 0x0000000085e00000, 0x0000000085e00000| Untracked 
|  95|0x0000000085f00000, 0x0000000085f00000, 0x0000000086000000|  0%| F|  |TAMS 0x0000000085f00000, 0x0000000085f00000| Untracked 
|  96|0x0000000086000000, 0x0000000086000000, 0x0000000086100000|  0%| F|  |TAMS 0x0000000086000000, 0x0000000086000000| Untracked 
|  97|0x0000000086100000, 0x0000000086100000, 0x0000000086200000|  0%| F|  |TAMS 0x0000000086100000, 0x0000000086100000| Untracked 
|  98|0x0000000086200000, 0x0000000086200000, 0x0000000086300000|  0%| F|  |TAMS 0x0000000086200000, 0x0000000086200000| Untracked 
|  99|0x0000000086300000, 0x0000000086300000, 0x0000000086400000|  0%| F|  |TAMS 0x0000000086300000, 0x0000000086300000| Untracked 
| 187|0x000000008bb00000, 0x000000008bb00000, 0x000000008bc00000|  0%| F|  |TAMS 0x000000008bb00000, 0x000000008bb00000| Untracked 
| 188|0x000000008bc00000, 0x000000008bc00000, 0x000000008bd00000|  0%| F|  |TAMS 0x000000008bc00000, 0x000000008bc00000| Untracked 
| 189|0x000000008bd00000, 0x000000008bd00000, 0x000000008be00000|  0%| F|  |TAMS 0x000000008bd00000, 0x000000008bd00000| Untracked 
| 190|0x000000008be00000, 0x000000008be00000, 0x000000008bf00000|  0%| F|  |TAMS 0x000000008be00000, 0x000000008be00000| Untracked 
| 191|0x000000008bf00000, 0x000000008bf00000, 0x000000008c000000|  0%| F|  |TAMS 0x000000008bf00000, 0x000000008bf00000| Untracked 
| 192|0x000000008c000000, 0x000000008c000000, 0x000000008c100000|  0%| F|  |TAMS 0x000000008c000000, 0x000000008c000000| Untracked 
| 193|0x000000008c100000, 0x000000008c100000, 0x000000008c200000|  0%| F|  |TAMS 0x000000008c100000, 0x000000008c100000| Untracked 
| 194|0x000000008c200000, 0x000000008c200000, 0x000000008c300000|  0%| F|  |TAMS 0x000000008c200000, 0x000000008c200000| Untracked 
| 195|0x000000008c300000, 0x000000008c300000, 0x000000008c400000|  0%| F|  |TAMS 0x000000008c300000, 0x000000008c300000| Untracked 
| 245|0x000000008f500000, 0x000000008f500000, 0x000000008f600000|  0%| F|  |TAMS 0x000000008f500000, 0x000000008f500000| Untracked 

Card table byte_map: [0x00000182d4060000,0x00000182d4460000] _byte_map_base: 0x00000182d3c60000

Marking Bits (Prev, Next): (CMBitMap*) 0x00000182bf0192d0, (CMBitMap*) 0x00000182bf019310
 Prev Bits: [0x00000182d4860000, 0x00000182d6860000)
 Next Bits: [0x00000182d6860000, 0x00000182d8860000)

Polling page: 0x00000182bf070000

Metaspace:

Usage:
  Non-class:     52.69 MB used.
      Class:      8.39 MB used.
       Both:     61.07 MB used.

Virtual space:
  Non-class space:       64.00 MB reserved,      52.94 MB ( 83%) committed,  1 nodes.
      Class space:        1.00 GB reserved,       8.62 MB ( <1%) committed,  1 nodes.
             Both:        1.06 GB reserved,      61.56 MB (  6%) committed. 

Chunk freelists:
   Non-Class:  10.38 MB
       Class:  7.38 MB
        Both:  17.75 MB

MaxMetaspaceSize: unlimited
CompressedClassSpaceSize: 1.00 GB
Initial GC threshold: 21.00 MB
Current GC threshold: 96.88 MB
CDS: off
MetaspaceReclaimPolicy: balanced
 - commit_granule_bytes: 65536.
 - commit_granule_words: 8192.
 - virtual_space_node_default_size: 8388608.
 - enlarge_chunks_in_place: 1.
 - new_chunks_are_fully_committed: 0.
 - uncommit_free_chunks: 1.
 - use_allocation_guard: 0.
 - handle_deallocations: 1.


Internal statistics:

num_allocs_failed_limit: 6.
num_arena_births: 732.
num_arena_deaths: 0.
num_vsnodes_births: 2.
num_vsnodes_deaths: 0.
num_space_committed: 985.
num_space_uncommitted: 0.
num_chunks_returned_to_freelist: 6.
num_chunks_taken_from_freelist: 2886.
num_chunk_merges: 6.
num_chunk_splits: 1911.
num_chunks_enlarged: 1285.
num_inconsistent_stats: 0.

CodeHeap 'non-profiled nmethods': size=119168Kb used=3565Kb max_used=3565Kb free=115602Kb
 bounds [0x00000182cb800000, 0x00000182cbb80000, 0x00000182d2c60000]
CodeHeap 'profiled nmethods': size=119104Kb used=12155Kb max_used=12155Kb free=106948Kb
 bounds [0x00000182c3c60000, 0x00000182c4840000, 0x00000182cb0b0000]
CodeHeap 'non-nmethods': size=7488Kb used=3333Kb max_used=3396Kb free=4154Kb
 bounds [0x00000182cb0b0000, 0x00000182cb410000, 0x00000182cb800000]
 total_blobs=7283 nmethods=6571 adapters=620
 compilation: enabled
              stopped_count=0, restarted_count=0
 full_count=0

Compilation events (20 events):
Event: 4.621 Thread 0x00000182e0f60880 7256       3       com.google.common.collect.Lists::indexOfRandomAccess (70 bytes)
Event: 4.621 Thread 0x00000182db9084b0 nmethod 7254 0x00000182c4837d90 code [0x00000182c4837f40, 0x00000182c48380c8]
Event: 4.621 Thread 0x00000182dbb09db0 nmethod 7253 0x00000182c4838190 code [0x00000182c4838340, 0x00000182c4838568]
Event: 4.621 Thread 0x00000182db9084b0 7257       3       java.util.TreeMap::values (25 bytes)
Event: 4.622 Thread 0x00000182e0f60880 nmethod 7256 0x00000182c4838610 code [0x00000182c4838820, 0x00000182c4838eb8]
Event: 4.622 Thread 0x00000182dbcdafd0 nmethod 7255 0x00000182c4839090 code [0x00000182c48392c0, 0x00000182c4839b38]
Event: 4.622 Thread 0x00000182db9084b0 nmethod 7257 0x00000182c4839d10 code [0x00000182c4839ec0, 0x00000182c483a238]
Event: 4.630 Thread 0x00000182dbcdafd0 7259       3       org.gradle.api.internal.provider.AbstractProviderWithValue::<init> (5 bytes)
Event: 4.630 Thread 0x00000182db9084b0 7258       3       org.gradle.api.internal.provider.Providers$FixedValueProvider::<init> (10 bytes)
Event: 4.631 Thread 0x00000182dbcdafd0 nmethod 7259 0x00000182c483a390 code [0x00000182c483a540, 0x00000182c483a6f8]
Event: 4.631 Thread 0x00000182db9084b0 nmethod 7258 0x00000182c483a810 code [0x00000182c483a9c0, 0x00000182c483ac38]
Event: 4.632 Thread 0x00000182e00046b0 7260       4       org.objectweb.asm.MethodWriter::computeAllFrames (510 bytes)
Event: 4.633 Thread 0x00000182dbb09db0 7261       3       org.gradle.internal.service.DefaultServiceRegistry$OwnServices::getService (309 bytes)
Event: 4.634 Thread 0x00000182dbb09db0 nmethod 7261 0x00000182c483ad90 code [0x00000182c483b2a0, 0x00000182c483df48]
Event: 4.644 Thread 0x00000182db9084b0 7262       1       sun.reflect.generics.tree.Wildcard::getUpperBounds (5 bytes)
Event: 4.644 Thread 0x00000182db9084b0 nmethod 7262 0x00000182cbb70610 code [0x00000182cbb707a0, 0x00000182cbb70878]
Event: 4.645 Thread 0x00000182e0012e30 nmethod 7231 0x00000182cbb70910 code [0x00000182cbb70d00, 0x00000182cbb73a20]
Event: 4.648 Thread 0x00000182e44c98e0 7263       4       java.util.jar.JarFile::getManifest (5 bytes)
Event: 4.648 Thread 0x00000182e44c98e0 nmethod 7263 0x00000182cbb75410 code [0x00000182cbb755a0, 0x00000182cbb75648]
Event: 4.669 Thread 0x00000182e00046b0 nmethod 7260 0x00000182cbb75710 code [0x00000182cbb75aa0, 0x00000182cbb79940]

GC Heap History (20 events):
Event: 3.463 GC heap after
{Heap after GC invocations=13 (full 0):
 garbage-first heap   total 86016K, used 33816K [0x0000000080000000, 0x0000000100000000)
  region size 1024K, 5 young (5120K), 5 survivors (5120K)
 Metaspace       used 51123K, committed 51520K, reserved 1114112K
  class space    used 7048K, committed 7232K, reserved 1048576K
}
Event: 3.825 GC heap before
{Heap before GC invocations=13 (full 0):
 garbage-first heap   total 86016K, used 68632K [0x0000000080000000, 0x0000000100000000)
  region size 1024K, 37 young (37888K), 5 survivors (5120K)
 Metaspace       used 55566K, committed 56064K, reserved 1114112K
  class space    used 7634K, committed 7872K, reserved 1048576K
}
Event: 3.827 GC heap after
{Heap after GC invocations=14 (full 0):
 garbage-first heap   total 86016K, used 35609K [0x0000000080000000, 0x0000000100000000)
  region size 1024K, 4 young (4096K), 4 survivors (4096K)
 Metaspace       used 55566K, committed 56064K, reserved 1114112K
  class space    used 7634K, committed 7872K, reserved 1048576K
}
Event: 4.117 GC heap before
{Heap before GC invocations=14 (full 0):
 garbage-first heap   total 86016K, used 67353K [0x0000000080000000, 0x0000000100000000)
  region size 1024K, 36 young (36864K), 4 survivors (4096K)
 Metaspace       used 56994K, committed 57472K, reserved 1114112K
  class space    used 7881K, committed 8128K, reserved 1048576K
}
Event: 4.120 GC heap after
{Heap after GC invocations=15 (full 0):
 garbage-first heap   total 86016K, used 39992K [0x0000000080000000, 0x0000000100000000)
  region size 1024K, 5 young (5120K), 5 survivors (5120K)
 Metaspace       used 56994K, committed 57472K, reserved 1114112K
  class space    used 7881K, committed 8128K, reserved 1048576K
}
Event: 4.237 GC heap before
{Heap before GC invocations=15 (full 0):
 garbage-first heap   total 86016K, used 68664K [0x0000000080000000, 0x0000000100000000)
  region size 1024K, 32 young (32768K), 5 survivors (5120K)
 Metaspace       used 57323K, committed 57856K, reserved 1114112K
  class space    used 7917K, committed 8192K, reserved 1048576K
}
Event: 4.239 GC heap after
{Heap after GC invocations=16 (full 0):
 garbage-first heap   total 86016K, used 44290K [0x0000000080000000, 0x0000000100000000)
  region size 1024K, 4 young (4096K), 4 survivors (4096K)
 Metaspace       used 57323K, committed 57856K, reserved 1114112K
  class space    used 7917K, committed 8192K, reserved 1048576K
}
Event: 4.243 GC heap before
{Heap before GC invocations=16 (full 0):
 garbage-first heap   total 86016K, used 45314K [0x0000000080000000, 0x0000000100000000)
  region size 1024K, 6 young (6144K), 4 survivors (4096K)
 Metaspace       used 57323K, committed 57856K, reserved 1114112K
  class space    used 7917K, committed 8192K, reserved 1048576K
}
Event: 4.244 GC heap after
{Heap after GC invocations=17 (full 0):
 garbage-first heap   total 86016K, used 45485K [0x0000000080000000, 0x0000000100000000)
  region size 1024K, 2 young (2048K), 2 survivors (2048K)
 Metaspace       used 57323K, committed 57856K, reserved 1114112K
  class space    used 7917K, committed 8192K, reserved 1048576K
}
Event: 4.355 GC heap before
{Heap before GC invocations=18 (full 0):
 garbage-first heap   total 87040K, used 73133K [0x0000000080000000, 0x0000000100000000)
  region size 1024K, 18 young (18432K), 2 survivors (2048K)
 Metaspace       used 58042K, committed 58560K, reserved 1114112K
  class space    used 8056K, committed 8320K, reserved 1048576K
}
Event: 4.357 GC heap after
{Heap after GC invocations=19 (full 0):
 garbage-first heap   total 104448K, used 61947K [0x0000000080000000, 0x0000000100000000)
  region size 1024K, 3 young (3072K), 3 survivors (3072K)
 Metaspace       used 58042K, committed 58560K, reserved 1114112K
  class space    used 8056K, committed 8320K, reserved 1048576K
}
Event: 4.375 GC heap before
{Heap before GC invocations=19 (full 0):
 garbage-first heap   total 104448K, used 62971K [0x0000000080000000, 0x0000000100000000)
  region size 1024K, 5 young (5120K), 3 survivors (3072K)
 Metaspace       used 58177K, committed 58688K, reserved 1114112K
  class space    used 8077K, committed 8320K, reserved 1048576K
}
Event: 4.377 GC heap after
{Heap after GC invocations=20 (full 0):
 garbage-first heap   total 104448K, used 62478K [0x0000000080000000, 0x0000000100000000)
  region size 1024K, 1 young (1024K), 1 survivors (1024K)
 Metaspace       used 58177K, committed 58688K, reserved 1114112K
  class space    used 8077K, committed 8320K, reserved 1048576K
}
Event: 4.408 GC heap before
{Heap before GC invocations=20 (full 0):
 garbage-first heap   total 104448K, used 69646K [0x0000000080000000, 0x0000000100000000)
  region size 1024K, 10 young (10240K), 1 survivors (1024K)
 Metaspace       used 58775K, committed 59264K, reserved 1114112K
  class space    used 8134K, committed 8384K, reserved 1048576K
}
Event: 4.409 GC heap after
{Heap after GC invocations=21 (full 0):
 garbage-first heap   total 104448K, used 62861K [0x0000000080000000, 0x0000000100000000)
  region size 1024K, 1 young (1024K), 1 survivors (1024K)
 Metaspace       used 58775K, committed 59264K, reserved 1114112K
  class space    used 8134K, committed 8384K, reserved 1048576K
}
Event: 4.514 GC heap before
{Heap before GC invocations=22 (full 0):
 garbage-first heap   total 112640K, used 80269K [0x0000000080000000, 0x0000000100000000)
  region size 1024K, 18 young (18432K), 1 survivors (1024K)
 Metaspace       used 60103K, committed 60608K, reserved 1114112K
  class space    used 8323K, committed 8576K, reserved 1048576K
}
Event: 4.515 GC heap after
{Heap after GC invocations=23 (full 0):
 garbage-first heap   total 112640K, used 64647K [0x0000000080000000, 0x0000000100000000)
  region size 1024K, 2 young (2048K), 2 survivors (2048K)
 Metaspace       used 60103K, committed 60608K, reserved 1114112K
  class space    used 8323K, committed 8576K, reserved 1048576K
}
Event: 4.531 GC heap before
{Heap before GC invocations=23 (full 0):
 garbage-first heap   total 112640K, used 66695K [0x0000000080000000, 0x0000000100000000)
  region size 1024K, 5 young (5120K), 2 survivors (2048K)
 Metaspace       used 60367K, committed 60928K, reserved 1114112K
  class space    used 8362K, committed 8640K, reserved 1048576K
}
Event: 4.532 GC heap after
{Heap after GC invocations=24 (full 0):
 garbage-first heap   total 112640K, used 63706K [0x0000000080000000, 0x0000000100000000)
  region size 1024K, 1 young (1024K), 1 survivors (1024K)
 Metaspace       used 60367K, committed 60928K, reserved 1114112K
  class space    used 8362K, committed 8640K, reserved 1048576K
}
Event: 4.677 GC heap before
{Heap before GC invocations=24 (full 0):
 garbage-first heap   total 112640K, used 86234K [0x0000000080000000, 0x0000000100000000)
  region size 1024K, 24 young (24576K), 1 survivors (1024K)
 Metaspace       used 62538K, committed 63040K, reserved 1114112K
  class space    used 8586K, committed 8832K, reserved 1048576K
}

Dll operation events (3 events):
Event: 0.009 Loaded shared library C:\Program Files\Android\Android Studio\jbr\bin\java.dll
Event: 0.091 Loaded shared library C:\Program Files\Android\Android Studio\jbr\bin\zip.dll
Event: 0.253 Loaded shared library C:\Program Files\Android\Android Studio\jbr\bin\verify.dll

Deoptimization events (20 events):
Event: 4.603 Thread 0x00000182e1f47830 Uncommon trap: trap_request=0xffffffde fr.pc=0x00000182cba62b44 relative=0x0000000000000364
Event: 4.603 Thread 0x00000182e1f47830 Uncommon trap: reason=class_check action=maybe_recompile pc=0x00000182cba62b44 method=java.util.stream.AbstractPipeline.copyIntoWithCancel(Ljava/util/stream/Sink;Ljava/util/Spliterator;)Z @ 32 c2
Event: 4.603 Thread 0x00000182e1f47830 DEOPT PACKING pc=0x00000182cba62b44 sp=0x0000006d2e3f6630
Event: 4.603 Thread 0x00000182e1f47830 DEOPT UNPACKING pc=0x00000182cb10a1a3 sp=0x0000006d2e3f64f0 mode 2
Event: 4.603 Thread 0x00000182e1f47830 Uncommon trap: trap_request=0xffffffde fr.pc=0x00000182cba62b44 relative=0x0000000000000364
Event: 4.603 Thread 0x00000182e1f47830 Uncommon trap: reason=class_check action=maybe_recompile pc=0x00000182cba62b44 method=java.util.stream.AbstractPipeline.copyIntoWithCancel(Ljava/util/stream/Sink;Ljava/util/Spliterator;)Z @ 32 c2
Event: 4.603 Thread 0x00000182e1f47830 DEOPT PACKING pc=0x00000182cba62b44 sp=0x0000006d2e3f6630
Event: 4.603 Thread 0x00000182e1f47830 DEOPT UNPACKING pc=0x00000182cb10a1a3 sp=0x0000006d2e3f64f0 mode 2
Event: 4.603 Thread 0x00000182e1f47830 Uncommon trap: trap_request=0xffffffde fr.pc=0x00000182cba62b44 relative=0x0000000000000364
Event: 4.603 Thread 0x00000182e1f47830 Uncommon trap: reason=class_check action=maybe_recompile pc=0x00000182cba62b44 method=java.util.stream.AbstractPipeline.copyIntoWithCancel(Ljava/util/stream/Sink;Ljava/util/Spliterator;)Z @ 32 c2
Event: 4.603 Thread 0x00000182e1f47830 DEOPT PACKING pc=0x00000182cba62b44 sp=0x0000006d2e3f6630
Event: 4.603 Thread 0x00000182e1f47830 DEOPT UNPACKING pc=0x00000182cb10a1a3 sp=0x0000006d2e3f64f0 mode 2
Event: 4.611 Thread 0x00000182e1f47830 Uncommon trap: trap_request=0xffffff45 fr.pc=0x00000182cb8bb254 relative=0x0000000000000454
Event: 4.611 Thread 0x00000182e1f47830 Uncommon trap: reason=unstable_if action=reinterpret pc=0x00000182cb8bb254 method=org.gradle.internal.service.DefaultServiceRegistry$OwnServices.getService(Ljava/lang/reflect/Type;)Lorg/gradle/internal/service/Service; @ 27 c2
Event: 4.611 Thread 0x00000182e1f47830 DEOPT PACKING pc=0x00000182cb8bb254 sp=0x0000006d2e3f7780
Event: 4.611 Thread 0x00000182e1f47830 DEOPT UNPACKING pc=0x00000182cb10a1a3 sp=0x0000006d2e3f76f8 mode 2
Event: 4.672 Thread 0x00000182e1f47830 Uncommon trap: trap_request=0xffffffbe fr.pc=0x00000182cbb6e840 relative=0x00000000000001a0
Event: 4.672 Thread 0x00000182e1f47830 Uncommon trap: reason=profile_predicate action=maybe_recompile pc=0x00000182cbb6e840 method=java.util.LinkedHashMap.keysToArray([Ljava/lang/Object;)[Ljava/lang/Object; @ 12 c2
Event: 4.672 Thread 0x00000182e1f47830 DEOPT PACKING pc=0x00000182cbb6e840 sp=0x0000006d2e3f4db0
Event: 4.672 Thread 0x00000182e1f47830 DEOPT UNPACKING pc=0x00000182cb10a1a3 sp=0x0000006d2e3f4d68 mode 2

Classes unloaded (0 events):
No events

Classes redefined (0 events):
No events

Internal exceptions (20 events):
Event: 3.785 Thread 0x00000182e1f47830 Exception <a 'java/lang/NoSuchMethodError'{0x00000000836b4b08}: 'java.lang.Object java.lang.invoke.DirectMethodHandle$Holder.invokeSpecial(java.lang.Object, java.lang.Object, java.lang.Object, java.lang.Object, java.lang.Object, long)'> (0x00000000836b4b08) 
thrown [s\src\hotspot\share\interpreter\linkResolver.cpp, line 771]
Event: 3.787 Thread 0x00000182e1f47830 Exception <a 'java/lang/NoSuchMethodError'{0x00000000836d6e78}: 'void java.lang.invoke.DirectMethodHandle$Holder.invokeStatic(java.lang.Object, java.lang.Object, java.lang.Object, int, java.lang.Object)'> (0x00000000836d6e78) 
thrown [s\src\hotspot\share\interpreter\linkResolver.cpp, line 771]
Event: 4.041 Thread 0x00000182e1f47830 Exception <a 'java/lang/NoSuchMethodError'{0x000000008460ba00}: 'java.lang.Object java.lang.invoke.DirectMethodHandle$Holder.newInvokeSpecial(java.lang.Object, java.lang.Object, java.lang.Object, java.lang.Object, int, java.lang.Object)'> (0x000000008460ba00) 
thrown [s\src\hotspot\share\interpreter\linkResolver.cpp, line 771]
Event: 4.041 Thread 0x00000182e1f47830 Exception <a 'java/lang/NoSuchMethodError'{0x0000000084610d58}: 'java.lang.Object java.lang.invoke.Invokers$Holder.linkToTargetMethod(java.lang.Object, java.lang.Object, java.lang.Object, int, java.lang.Object, java.lang.Object)'> (0x0000000084610d58) 
thrown [s\src\hotspot\share\interpreter\linkResolver.cpp, line 771]
Event: 4.178 Thread 0x00000182e1f47830 Exception <a 'java/lang/NoSuchMethodError'{0x0000000083fffa00}: 'long java.lang.invoke.DirectMethodHandle$Holder.invokeVirtual(java.lang.Object, java.lang.Object)'> (0x0000000083fffa00) 
thrown [s\src\hotspot\share\interpreter\linkResolver.cpp, line 771]
Event: 4.184 Thread 0x00000182e1e559f0 Exception <a 'java/lang/NoSuchMethodError'{0x0000000083e74148}: static Lorg/gradle/internal/build/event/types/DefaultOperationFinishedProgressEvent;.<clinit>()V> (0x0000000083e74148) 
thrown [s\src\hotspot\share\prims\jni.cpp, line 1108]
Event: 4.186 Thread 0x00000182e1e559f0 Exception <a 'java/lang/NoSuchMethodError'{0x0000000083e9ea00}: static Lorg/gradle/internal/build/event/types/DefaultProjectConfigurationSuccessResult;.<clinit>()V> (0x0000000083e9ea00) 
thrown [s\src\hotspot\share\prims\jni.cpp, line 1108]
Event: 4.187 Thread 0x00000182e1e559f0 Exception <a 'java/lang/NoSuchMethodError'{0x0000000083ea33e0}: static Lorg/gradle/internal/build/event/types/AbstractProjectConfigurationResult;.<clinit>()V> (0x0000000083ea33e0) 
thrown [s\src\hotspot\share\prims\jni.cpp, line 1108]
Event: 4.187 Thread 0x00000182e1e559f0 Exception <a 'java/lang/NoSuchMethodError'{0x0000000083ea4b28}: static Lorg/gradle/internal/build/event/types/AbstractOperationResult;.<clinit>()V> (0x0000000083ea4b28) 
thrown [s\src\hotspot\share\prims\jni.cpp, line 1108]
Event: 4.187 Thread 0x00000182e1e559f0 Exception <a 'java/lang/NoSuchMethodError'{0x0000000083ea5f78}: static Lorg/gradle/internal/build/event/types/AbstractResult;.<clinit>()V> (0x0000000083ea5f78) 
thrown [s\src\hotspot\share\prims\jni.cpp, line 1108]
Event: 4.188 Thread 0x00000182e1e559f0 Exception <a 'java/lang/NoSuchMethodError'{0x0000000083ebeea0}: static Lorg/gradle/internal/build/event/types/DefaultPluginApplicationResult;.<clinit>()V> (0x0000000083ebeea0) 
thrown [s\src\hotspot\share\prims\jni.cpp, line 1108]
Event: 4.189 Thread 0x00000182e1e559f0 Exception <a 'java/lang/NoSuchMethodError'{0x0000000083ecc790}: static Lorg/gradle/internal/build/event/types/DefaultBinaryPluginIdentifier;.<clinit>()V> (0x0000000083ecc790) 
thrown [s\src\hotspot\share\prims\jni.cpp, line 1108]
Event: 4.191 Thread 0x00000182e1e559f0 Exception <a 'java/lang/NoSuchMethodError'{0x0000000083ee6830}: static Lorg/gradle/internal/build/event/types/DefaultScriptPluginIdentifier;.<clinit>()V> (0x0000000083ee6830) 
thrown [s\src\hotspot\share\prims\jni.cpp, line 1108]
Event: 4.225 Thread 0x00000182e1f47830 Implicit null exception at 0x00000182cb933792 to 0x00000182cb933df4
Event: 4.225 Thread 0x00000182e1f47830 Implicit null exception at 0x00000182cb930714 to 0x00000182cb930dd8
Event: 4.259 Thread 0x00000182e1f47830 Exception <a 'java/lang/NoSuchMethodError'{0x000000008c30db38}: 'void java.lang.invoke.Invokers$Holder.invoke_MT(java.lang.Object, java.lang.Object, java.lang.Object, java.lang.Object)'> (0x000000008c30db38) 
thrown [s\src\hotspot\share\interpreter\linkResolver.cpp, line 771]
Event: 4.262 Thread 0x00000182e1f47830 Exception <a 'java/lang/NoSuchMethodError'{0x000000008c356fb8}: 'java.lang.Object java.lang.invoke.DirectMethodHandle$Holder.invokeSpecial(java.lang.Object, java.lang.Object, java.lang.Object, int, java.lang.Object, java.lang.Object)'> (0x000000008c356fb8) 
thrown [s\src\hotspot\share\interpreter\linkResolver.cpp, line 771]
Event: 4.309 Thread 0x00000182e1f47830 Exception <a 'java/lang/ClassNotFoundException'{0x0000000084817e00}: sun/misc/SharedSecrets> (0x0000000084817e00) 
thrown [s\src\hotspot\share\classfile\systemDictionary.cpp, line 256]
Event: 4.309 Thread 0x00000182e1f47830 Exception <a 'java/lang/ClassNotFoundException'{0x00000000848193d8}: org/gradle/api/internal/plugins/DefaultObjectConfigurationActionBeanInfo> (0x00000000848193d8) 
thrown [s\src\hotspot\share\classfile\systemDictionary.cpp, line 256]
Event: 4.309 Thread 0x00000182e1f47830 Exception <a 'java/lang/ClassNotFoundException'{0x000000008482fd48}: org/gradle/api/internal/plugins/DefaultObjectConfigurationActionCustomizer> (0x000000008482fd48) 
thrown [s\src\hotspot\share\classfile\systemDictionary.cpp, line 256]

VM Operations (20 events):
Event: 4.245 Executing VM operation: G1TryInitiateConcMark done
Event: 4.256 Executing VM operation: G1PauseRemark
Event: 4.258 Executing VM operation: G1PauseRemark done
Event: 4.263 Executing VM operation: G1PauseCleanup
Event: 4.263 Executing VM operation: G1PauseCleanup done
Event: 4.355 Executing VM operation: G1CollectForAllocation
Event: 4.357 Executing VM operation: G1CollectForAllocation done
Event: 4.375 Executing VM operation: G1CollectForAllocation
Event: 4.377 Executing VM operation: G1CollectForAllocation done
Event: 4.408 Executing VM operation: G1TryInitiateConcMark
Event: 4.410 Executing VM operation: G1TryInitiateConcMark done
Event: 4.423 Executing VM operation: G1PauseRemark
Event: 4.425 Executing VM operation: G1PauseRemark done
Event: 4.431 Executing VM operation: G1PauseCleanup
Event: 4.431 Executing VM operation: G1PauseCleanup done
Event: 4.514 Executing VM operation: G1CollectForAllocation
Event: 4.515 Executing VM operation: G1CollectForAllocation done
Event: 4.531 Executing VM operation: G1CollectForAllocation
Event: 4.532 Executing VM operation: G1CollectForAllocation done
Event: 4.677 Executing VM operation: G1CollectForAllocation

Events (20 events):
Event: 4.220 Thread 0x00000182e4fa8fd0 Thread added: 0x00000182e4fa8fd0
Event: 4.309 loading class sun/misc/SharedSecrets
Event: 4.309 loading class sun/misc/SharedSecrets done
Event: 4.310 loading class jdk/internal/reflect/UnsafeObjectFieldAccessorImpl
Event: 4.311 loading class jdk/internal/reflect/UnsafeObjectFieldAccessorImpl done
Event: 4.451 loading class java/util/regex/Pattern$1
Event: 4.451 loading class java/util/regex/Pattern$1 done
Event: 4.460 Thread 0x00000182e44c88f0 Thread exited: 0x00000182e44c88f0
Event: 4.460 Thread 0x00000182e44c7e50 Thread exited: 0x00000182e44c7e50
Event: 4.523 loading class java/io/StringReader
Event: 4.523 loading class java/io/StringReader done
Event: 4.541 loading class java/util/concurrent/atomic/AtomicIntegerArray
Event: 4.541 loading class java/util/concurrent/atomic/AtomicIntegerArray done
Event: 4.542 loading class java/util/Currency
Event: 4.543 loading class java/util/Currency done
Event: 4.552 loading class java/util/concurrent/atomic/AtomicLongArray
Event: 4.552 loading class java/util/concurrent/atomic/AtomicLongArray done
Event: 4.603 loading class sun/text/resources/cldr/FormatData_en_US
Event: 4.603 loading class sun/text/resources/cldr/FormatData_en_US done
Event: 4.630 Thread 0x00000182e4fac780 Thread added: 0x00000182e4fac780


Dynamic libraries:
0x00007ff70dc90000 - 0x00007ff70dc9a000 	C:\Program Files\Android\Android Studio\jbr\bin\java.exe
0x00007ffa16410000 - 0x00007ffa16627000 	C:\WINDOWS\SYSTEM32\ntdll.dll
0x00007ffa14860000 - 0x00007ffa14924000 	C:\WINDOWS\System32\KERNEL32.DLL
0x00007ffa13860000 - 0x00007ffa13c0c000 	C:\WINDOWS\System32\KERNELBASE.dll
0x00007ffa13740000 - 0x00007ffa13851000 	C:\WINDOWS\System32\ucrtbase.dll
0x00007ff9f6110000 - 0x00007ff9f6127000 	C:\Program Files\Android\Android Studio\jbr\bin\jli.dll
0x00007ffa15aa0000 - 0x00007ffa15c4e000 	C:\WINDOWS\System32\USER32.dll
0x00007ffa14120000 - 0x00007ffa14146000 	C:\WINDOWS\System32\win32u.dll
0x00007ffa145d0000 - 0x00007ffa145f9000 	C:\WINDOWS\System32\GDI32.dll
0x00007ffa13f90000 - 0x00007ffa140a9000 	C:\WINDOWS\System32\gdi32full.dll
0x00007ffa13c40000 - 0x00007ffa13cda000 	C:\WINDOWS\System32\msvcp_win.dll
0x00007ff9f62a0000 - 0x00007ff9f62bb000 	C:\Program Files\Android\Android Studio\jbr\bin\VCRUNTIME140.dll
0x00007ff9fe860000 - 0x00007ff9feaf3000 	C:\WINDOWS\WinSxS\amd64_microsoft.windows.common-controls_6595b64144ccf1df_6.0.22621.3672_none_2713b9d173822955\COMCTL32.dll
0x00007ffa149b0000 - 0x00007ffa14a57000 	C:\WINDOWS\System32\msvcrt.dll
0x00007ffa14b80000 - 0x00007ffa14bb1000 	C:\WINDOWS\System32\IMM32.DLL
0x00007ffa0e970000 - 0x00007ffa0e97c000 	C:\Program Files\Android\Android Studio\jbr\bin\vcruntime140_1.dll
0x00007ff9f2a10000 - 0x00007ff9f2a9d000 	C:\Program Files\Android\Android Studio\jbr\bin\msvcp140.dll
0x00007ff9d1d00000 - 0x00007ff9d2983000 	C:\Program Files\Android\Android Studio\jbr\bin\server\jvm.dll
0x00007ffa15f30000 - 0x00007ffa15fe2000 	C:\WINDOWS\System32\ADVAPI32.dll
0x00007ffa14a60000 - 0x00007ffa14b08000 	C:\WINDOWS\System32\sechost.dll
0x00007ffa13c10000 - 0x00007ffa13c38000 	C:\WINDOWS\System32\bcrypt.dll
0x00007ffa15e10000 - 0x00007ffa15f25000 	C:\WINDOWS\System32\RPCRT4.dll
0x00007ff9fbc30000 - 0x00007ff9fbc39000 	C:\WINDOWS\SYSTEM32\WSOCK32.dll
0x00007ffa13550000 - 0x00007ffa1359d000 	C:\WINDOWS\SYSTEM32\POWRPROF.dll
0x00007ffa147e0000 - 0x00007ffa14851000 	C:\WINDOWS\System32\WS2_32.dll
0x00007ffa0ac60000 - 0x00007ffa0ac94000 	C:\WINDOWS\SYSTEM32\WINMM.dll
0x00007ffa09620000 - 0x00007ffa0962a000 	C:\WINDOWS\SYSTEM32\VERSION.dll
0x00007ffa13430000 - 0x00007ffa13443000 	C:\WINDOWS\SYSTEM32\UMPDC.dll
0x00007ffa12740000 - 0x00007ffa12758000 	C:\WINDOWS\SYSTEM32\kernel.appcore.dll
0x00007ffa0ea70000 - 0x00007ffa0ea7a000 	C:\Program Files\Android\Android Studio\jbr\bin\jimage.dll
0x00007ffa03f50000 - 0x00007ffa04182000 	C:\WINDOWS\SYSTEM32\DBGHELP.DLL
0x00007ffa14ca0000 - 0x00007ffa15028000 	C:\WINDOWS\System32\combase.dll
0x00007ffa14bc0000 - 0x00007ffa14c97000 	C:\WINDOWS\System32\OLEAUT32.dll
0x00007ffa03c80000 - 0x00007ffa03cb2000 	C:\WINDOWS\SYSTEM32\dbgcore.DLL
0x00007ffa13e50000 - 0x00007ffa13ecb000 	C:\WINDOWS\System32\bcryptPrimitives.dll
0x00007ffa0ad10000 - 0x00007ffa0ad1e000 	C:\Program Files\Android\Android Studio\jbr\bin\instrument.dll
0x00007ffa01a80000 - 0x00007ffa01aa5000 	C:\Program Files\Android\Android Studio\jbr\bin\java.dll
0x00007ff9f63e0000 - 0x00007ff9f63f8000 	C:\Program Files\Android\Android Studio\jbr\bin\zip.dll
0x00007ffa15130000 - 0x00007ffa1598c000 	C:\WINDOWS\System32\SHELL32.dll
0x00007ffa11640000 - 0x00007ffa11f37000 	C:\WINDOWS\SYSTEM32\windows.storage.dll
0x00007ffa11500000 - 0x00007ffa1163f000 	C:\WINDOWS\SYSTEM32\wintypes.dll
0x00007ffa162c0000 - 0x00007ffa163b4000 	C:\WINDOWS\System32\SHCORE.dll
0x00007ffa15ff0000 - 0x00007ffa1604e000 	C:\WINDOWS\System32\shlwapi.dll
0x00007ffa13670000 - 0x00007ffa13691000 	C:\WINDOWS\SYSTEM32\profapi.dll
0x00007ff9f6320000 - 0x00007ff9f6339000 	C:\Program Files\Android\Android Studio\jbr\bin\net.dll
0x00007ffa0d950000 - 0x00007ffa0da86000 	C:\WINDOWS\SYSTEM32\WINHTTP.dll
0x00007ffa12be0000 - 0x00007ffa12c49000 	C:\WINDOWS\system32\mswsock.dll
0x00007ff9f6210000 - 0x00007ff9f6226000 	C:\Program Files\Android\Android Studio\jbr\bin\nio.dll
0x00007ffa0e860000 - 0x00007ffa0e870000 	C:\Program Files\Android\Android Studio\jbr\bin\verify.dll
0x00007ffa01980000 - 0x00007ffa019a7000 	C:\Users\Anurag\.gradle\native\c067742578af261105cb4f569cf0c3c89f3d7b1fecec35dd04571415982c5e48\windows-amd64\native-platform.dll
0x00007ff9d4bc0000 - 0x00007ff9d4d04000 	C:\Users\Anurag\.gradle\native\38dada09dfb8b06ba9b0570ebf7e218e3eb74d4ef43ca46872605cf95ebc2f47\windows-amd64\native-platform-file-events.dll
0x00007ffa0d4b0000 - 0x00007ffa0d4b9000 	C:\Program Files\Android\Android Studio\jbr\bin\management.dll
0x00007ffa0ad20000 - 0x00007ffa0ad2b000 	C:\Program Files\Android\Android Studio\jbr\bin\management_ext.dll
0x00007ffa14b10000 - 0x00007ffa14b18000 	C:\WINDOWS\System32\PSAPI.DLL
0x00007ffa12e40000 - 0x00007ffa12e5b000 	C:\WINDOWS\SYSTEM32\CRYPTSP.dll
0x00007ffa126a0000 - 0x00007ffa126d5000 	C:\WINDOWS\system32\rsaenh.dll
0x00007ffa12ce0000 - 0x00007ffa12d08000 	C:\WINDOWS\SYSTEM32\USERENV.dll
0x00007ffa12e60000 - 0x00007ffa12e6c000 	C:\WINDOWS\SYSTEM32\CRYPTBASE.dll
0x00007ffa121a0000 - 0x00007ffa121cd000 	C:\WINDOWS\SYSTEM32\IPHLPAPI.DLL
0x00007ffa14b20000 - 0x00007ffa14b29000 	C:\WINDOWS\System32\NSI.dll
0x00007ffa0cc20000 - 0x00007ffa0cc39000 	C:\WINDOWS\SYSTEM32\dhcpcsvc6.DLL
0x00007ffa0c030000 - 0x00007ffa0c04f000 	C:\WINDOWS\SYSTEM32\dhcpcsvc.DLL
0x00007ffa121d0000 - 0x00007ffa122c8000 	C:\WINDOWS\SYSTEM32\DNSAPI.dll
0x00007ffa0d630000 - 0x00007ffa0d639000 	C:\Program Files\Android\Android Studio\jbr\bin\extnet.dll
0x00007ff9d04c0000 - 0x00007ff9d04c8000 	C:\WINDOWS\system32\wshunix.dll

dbghelp: loaded successfully - version: 4.0.5 - missing functions: none
symbol engine: initialized successfully - sym options: 0x614 - pdb path: .;C:\Program Files\Android\Android Studio\jbr\bin;C:\WINDOWS\SYSTEM32;C:\WINDOWS\WinSxS\amd64_microsoft.windows.common-controls_6595b64144ccf1df_6.0.22621.3672_none_2713b9d173822955;C:\Program Files\Android\Android Studio\jbr\bin\server;C:\Users\Anurag\.gradle\native\c067742578af261105cb4f569cf0c3c89f3d7b1fecec35dd04571415982c5e48\windows-amd64;C:\Users\Anurag\.gradle\native\38dada09dfb8b06ba9b0570ebf7e218e3eb74d4ef43ca46872605cf95ebc2f47\windows-amd64

VM Arguments:
jvm_args: --add-opens=java.base/java.util=ALL-UNNAMED --add-opens=java.base/java.lang=ALL-UNNAMED --add-opens=java.base/java.lang.invoke=ALL-UNNAMED --add-opens=java.prefs/java.util.prefs=ALL-UNNAMED --add-opens=java.base/java.nio.charset=ALL-UNNAMED --add-opens=java.base/java.net=ALL-UNNAMED --add-opens=java.base/java.util.concurrent.atomic=ALL-UNNAMED -Xmx2048m -Dfile.encoding=UTF-8 -Duser.country=IN -Duser.language=en -Duser.variant -javaagent:C:\Users\Anurag\.gradle\wrapper\dists\gradle-8.6-bin\afr5mpiioh2wthjmwnkmdsd5w\gradle-8.6\lib\agents\gradle-instrumentation-agent-8.6.jar 
java_command: org.gradle.launcher.daemon.bootstrap.GradleDaemon 8.6
java_class_path (initial): C:\Users\Anurag\.gradle\wrapper\dists\gradle-8.6-bin\afr5mpiioh2wthjmwnkmdsd5w\gradle-8.6\lib\gradle-launcher-8.6.jar
Launcher Type: SUN_STANDARD

[Global flags]
     intx CICompilerCount                          = 12                                        {product} {ergonomic}
     uint ConcGCThreads                            = 3                                         {product} {ergonomic}
     uint G1ConcRefinementThreads                  = 13                                        {product} {ergonomic}
   size_t G1HeapRegionSize                         = 1048576                                   {product} {ergonomic}
    uintx GCDrainStackTargetSize                   = 64                                        {product} {ergonomic}
   size_t InitialHeapSize                          = 257949696                                 {product} {ergonomic}
   size_t MarkStackSize                            = 4194304                                   {product} {ergonomic}
   size_t MaxHeapSize                              = 2147483648                                {product} {command line}
   size_t MaxNewSize                               = 1287651328                                {product} {ergonomic}
   size_t MinHeapDeltaBytes                        = 1048576                                   {product} {ergonomic}
   size_t MinHeapSize                              = 8388608                                   {product} {ergonomic}
    uintx NonNMethodCodeHeapSize                   = 7602480                                {pd product} {ergonomic}
    uintx NonProfiledCodeHeapSize                  = 122027880                              {pd product} {ergonomic}
    uintx ProfiledCodeHeapSize                     = 122027880                              {pd product} {ergonomic}
    uintx ReservedCodeCacheSize                    = 251658240                              {pd product} {ergonomic}
     bool SegmentedCodeCache                       = true                                      {product} {ergonomic}
   size_t SoftMaxHeapSize                          = 2147483648                             {manageable} {ergonomic}
     bool UseCompressedClassPointers               = true                           {product lp64_product} {ergonomic}
     bool UseCompressedOops                        = true                           {product lp64_product} {ergonomic}
     bool UseG1GC                                  = true                                      {product} {ergonomic}
     bool UseLargePagesIndividualAllocation        = false                                  {pd product} {ergonomic}

Logging:
Log output configuration:
 #0: stdout all=warning uptime,level,tags
 #1: stderr all=off uptime,level,tags

Environment Variables:
PATH=C:\Program Files\Common Files\Oracle\Java\javapath;C:\windows\system32;C:\windows;C:\windows\System32\Wbem;C:\windows\System32\WindowsPowerShell\v1.0\;C:\windows\System32\OpenSSH\;C:\Program Files (x86)\NVIDIA Corporation\PhysX\Common;C:\Users\Administrator\AppData\Local\Microsoft\WindowsApps;C:\Windows;C:\Windows\System32;C:\Windows\System32\WindowsPowerShell\v1.0\;C:\Program Files\HP\OMEN-Broadcast\Common;C:\MinGW\bin;C:\Program Files\Git\cmd;C:\Program Files\Git\mingw64\bin;C:\Program Files\Git\usr\bin;C:\Users\Anurag\Downloads\flutter_windows_3.13.9-stable\flutter\bin;C:\Program Files\dotnet\;C:\WINDOWS\system32;C:\WINDOWS;C:\WINDOWS\System32\Wbem;C:\WINDOWS\System32\WindowsPowerShell\v1.0\;C:\WINDOWS\System32\OpenSSH\;C:\Users\Anurag\AppData\Local\Microsoft\WindowsApps;C:\Users\Anurag\AppData\Local\Programs\Microsoft VS Code\bin;C:\Users\Anurag\AppData\Local\GitHubDesktop\bin;C:\Users\Anurag\Downloads\flutter_windows_3.13.9-stable\flutter\bin;C:\Users\Anurag\.dotnet\tools;
USERNAME=Anurag
OS=Windows_NT
PROCESSOR_IDENTIFIER=AMD64 Family 25 Model 116 Stepping 1, AuthenticAMD
TMP=C:\Users\Anurag\AppData\Local\Temp
TEMP=C:\Users\Anurag\AppData\Local\Temp



Periodic native trim disabled

JNI global refs:
JNI global refs: 34, weak refs: 0

JNI global refs memory usage: 843, weak refs: 841

OOME stack traces (most recent first):
Classloader memory used:
Loader org.gradle.internal.classloader.VisitableURLClassLoader                         : 3536K
Loader bootstrap                                                                       : 2472K
Loader org.gradle.initialization.MixInLegacyTypesClassLoader                           : 1128K
Loader org.gradle.internal.classloader.VisitableURLClassLoader$InstrumentingVisitableURLClassLoader: 542K
Loader jdk.internal.loader.ClassLoaders$PlatformClassLoader                            : 68749B
Loader jdk.internal.loader.ClassLoaders$AppClassLoader                                 : 28735B
Loader jdk.internal.reflect.DelegatingClassLoader                                      : 27561B
Loader org.gradle.internal.classloader.VisitableURLClassLoader                         : 14673B

Classes loaded by more than one classloader:
Class Program                                                                         : loaded 4 times (x 72B)
Class com.google.common.collect.Iterators$MergingIterator                             : loaded 2 times (x 79B)
Class [Lcom.google.common.collect.AbstractMapEntry;                                   : loaded 2 times (x 67B)
Class com.google.common.collect.SingletonImmutableList                                : loaded 2 times (x 167B)
Class com.google.common.cache.CacheLoader$SupplierToCacheLoader                       : loaded 2 times (x 73B)
Class org.gradle.internal.classpath.ClassPath                                         : loaded 2 times (x 68B)
Class org.gradle.api.internal.classpath.DefaultModuleRegistry                         : loaded 2 times (x 84B)
Class Settings_gradle$1$1                                                             : loaded 2 times (x 72B)
Class com.google.common.collect.ListMultimap                                          : loaded 2 times (x 68B)
Class com.google.common.base.CharMatcher$JavaDigit                                    : loaded 2 times (x 109B)
Class com.google.common.base.CharMatcher$Digit                                        : loaded 2 times (x 110B)
Class com.google.common.collect.AbstractMultimap                                      : loaded 2 times (x 121B)
Class org.gradle.api.Action                                                           : loaded 2 times (x 68B)
Class com.google.common.collect.ImmutableEntry                                        : loaded 2 times (x 80B)
Class com.google.common.collect.Lists$StringAsImmutableList                           : loaded 2 times (x 167B)
Class com.google.common.base.CharMatcher                                              : loaded 2 times (x 109B)
Class com.google.common.base.CharMatcher$IsNot                                        : loaded 2 times (x 109B)
Class com.google.common.base.Splitter                                                 : loaded 2 times (x 70B)
Class com.google.common.collect.Iterators$ArrayItr                                    : loaded 2 times (x 95B)
Class org.gradle.api.internal.DefaultClassPathProvider                                : loaded 2 times (x 74B)
Class org.gradle.internal.installation.GradleInstallation$1                           : loaded 2 times (x 73B)
Class com.google.common.base.CharMatcher$BitSetMatcher                                : loaded 2 times (x 110B)
Class com.google.common.collect.ImmutableMap$IteratorBasedImmutableMap                : loaded 2 times (x 123B)
Class com.google.common.collect.ImmutableMap                                          : loaded 2 times (x 118B)
Class com.google.common.base.Converter                                                : loaded 2 times (x 88B)
Class com.google.common.collect.ImmutableSet$EmptySetBuilderImpl                      : loaded 2 times (x 74B)
Class com.google.common.base.Predicate                                                : loaded 2 times (x 68B)
Class org.gradle.internal.classloader.FilteringClassLoader                            : loaded 2 times (x 103B)
Class com.google.common.collect.RegularImmutableSet                                   : loaded 2 times (x 146B)
Class org.gradle.internal.classpath.DefaultClassPath$ImmutableUniqueList$Builder      : loaded 2 times (x 73B)
Class com.google.common.collect.Maps$8                                                : loaded 2 times (x 80B)
Class com.google.common.base.PatternCompiler                                          : loaded 2 times (x 68B)
Class com.google.common.base.CharMatcher$InRange                                      : loaded 2 times (x 109B)
Class com.google.common.collect.BiMap                                                 : loaded 2 times (x 68B)
Class com.google.common.collect.Lists                                                 : loaded 2 times (x 69B)
Class com.google.common.math.IntMath$1                                                : loaded 2 times (x 69B)
Class org.gradle.internal.classloader.ClassLoaderVisitor                              : loaded 2 times (x 74B)
Class com.google.common.math.MathPreconditions                                        : loaded 2 times (x 69B)
Class org.gradle.internal.service.DefaultServiceLocator                               : loaded 2 times (x 81B)
Class org.gradle.internal.service.UnknownServiceException                             : loaded 2 times (x 81B)
Class com.google.common.collect.ArrayListMultimap                                     : loaded 2 times (x 170B)
Class com.google.common.base.Strings                                                  : loaded 2 times (x 69B)
Class org.gradle.internal.classloader.DefaultClassLoaderFactory                       : loaded 2 times (x 80B)
Class com.google.common.collect.UnmodifiableIterator                                  : loaded 2 times (x 78B)
Class com.google.common.base.Platform$JdkPatternCompiler                              : loaded 2 times (x 73B)
Class com.google.common.base.CharMatcher$SingleWidth                                  : loaded 2 times (x 110B)
Class com.google.common.collect.Hashing                                               : loaded 2 times (x 69B)
Class com.google.common.base.JdkPattern                                               : loaded 2 times (x 73B)
Class com.google.common.collect.Multimap                                              : loaded 2 times (x 68B)
Class org.gradle.internal.classloader.VisitableURLClassLoader$Spec                    : loaded 2 times (x 72B)
Class org.gradle.api.GradleException                                                  : loaded 2 times (x 80B)
Class com.google.common.base.CharMatcher$JavaLetterOrDigit                            : loaded 2 times (x 109B)
Class org.gradle.api.internal.classpath.ModuleRegistry                                : loaded 2 times (x 68B)
Class com.google.common.cache.CacheBuilder                                            : loaded 2 times (x 70B)
Class com.google.common.collect.ImmutableCollection                                   : loaded 2 times (x 123B)
Class com.google.common.base.Ticker                                                   : loaded 2 times (x 70B)
Class org.gradle.api.internal.ClassPathProvider                                       : loaded 2 times (x 68B)
Class com.google.common.collect.RegularImmutableMap$Values                            : loaded 2 times (x 167B)
Class org.gradle.internal.classloader.ClasspathUtil$1                                 : loaded 2 times (x 74B)
Class com.google.common.collect.ImmutableEnumMap                                      : loaded 2 times (x 123B)
Class com.google.common.collect.ImmutableList$ReverseImmutableList                    : loaded 2 times (x 168B)
Class com.google.common.cache.AbstractCache$StatsCounter                              : loaded 2 times (x 68B)
Class org.gradle.internal.classloader.ClassLoaderFactory                              : loaded 2 times (x 68B)
Class com.google.common.collect.ObjectArrays                                          : loaded 2 times (x 69B)
Class com.google.common.collect.Iterators$10                                          : loaded 2 times (x 79B)
Class com.google.common.collect.ImmutableList                                         : loaded 2 times (x 166B)
Class org.gradle.api.internal.classpath.ManifestUtil                                  : loaded 2 times (x 69B)
Class org.gradle.api.specs.Spec                                                       : loaded 2 times (x 68B)
Class com.google.common.cache.CacheLoader$UnsupportedLoadingOperationException        : loaded 2 times (x 80B)
Class com.google.common.base.CharMatcher$Whitespace                                   : loaded 2 times (x 110B)
Class com.google.common.collect.Iterators$1                                           : loaded 2 times (x 79B)
Class com.google.common.collect.Iterators$4                                           : loaded 2 times (x 80B)
Class com.google.common.collect.RegularImmutableMap$BucketOverflowException           : loaded 2 times (x 80B)
Class com.google.common.collect.Iterators$5                                           : loaded 2 times (x 80B)
Class com.google.common.base.Preconditions                                            : loaded 2 times (x 69B)
Class com.google.common.base.Function                                                 : loaded 2 times (x 68B)
Class com.google.common.collect.Iterators$9                                           : loaded 2 times (x 79B)
Class org.gradle.internal.IoActions                                                   : loaded 2 times (x 69B)
Class com.google.common.collect.RegularImmutableMap$KeySet                            : loaded 2 times (x 148B)
Class com.google.common.collect.CollectPreconditions                                  : loaded 2 times (x 69B)
Class com.google.common.collect.Maps                                                  : loaded 2 times (x 69B)
Class com.google.common.collect.RegularImmutableMap                                   : loaded 2 times (x 119B)
Class com.google.common.collect.AbstractIndexedListIterator                           : loaded 2 times (x 94B)
Class com.google.common.base.CharMatcher$None                                         : loaded 2 times (x 110B)
Class org.gradle.api.internal.classpath.EffectiveClassPath                            : loaded 2 times (x 88B)
Class com.google.common.collect.UnmodifiableListIterator                              : loaded 2 times (x 93B)
Class com.google.common.cache.CacheLoader$FunctionToCacheLoader                       : loaded 2 times (x 73B)
Class com.google.common.cache.CacheBuilder$1                                          : loaded 2 times (x 83B)
Class com.google.common.cache.CacheBuilder$2                                          : loaded 2 times (x 70B)
Class com.google.common.collect.ImmutableList$1                                       : loaded 2 times (x 95B)
Class com.google.common.base.Splitter$Strategy                                        : loaded 2 times (x 68B)
Class com.google.common.collect.ImmutableMapEntrySet$RegularEntrySet                  : loaded 2 times (x 149B)
Class [Lcom.google.common.collect.ImmutableMapEntry;                                  : loaded 2 times (x 67B)
Class org.gradle.internal.installation.CurrentGradleInstallation                      : loaded 2 times (x 71B)
Class org.gradle.internal.agents.InstrumentingClassLoader                             : loaded 2 times (x 68B)
Class org.gradle.internal.installation.CurrentGradleInstallationLocator               : loaded 2 times (x 69B)
Class org.gradle.api.internal.classpath.Module                                        : loaded 2 times (x 68B)
Class com.google.common.base.Splitter$1$1                                             : loaded 2 times (x 84B)
Class com.google.common.collect.ImmutableSet$JdkBackedSetBuilderImpl                  : loaded 2 times (x 74B)
Class com.google.common.collect.ImmutableSet$RegularSetBuilderImpl                    : loaded 2 times (x 75B)
Class org.gradle.internal.service.CachingServiceLocator                               : loaded 2 times (x 80B)
Class [Lcom.google.common.collect.ImmutableEntry;                                     : loaded 2 times (x 67B)
Class org.gradle.internal.classpath.DefaultClassPath                                  : loaded 2 times (x 88B)
Class com.google.common.base.Splitter$SplittingIterator                               : loaded 2 times (x 82B)
Class com.google.common.cache.LocalCache$LocalManualCache$1                           : loaded 2 times (x 73B)
Class Build_gradle$1                                                                  : loaded 2 times (x 76B)
Class com.google.common.base.CharMatcher$Is                                           : loaded 2 times (x 109B)
Class com.google.common.base.Platform                                                 : loaded 2 times (x 69B)
Class com.google.common.collect.RegularImmutableAsList                                : loaded 2 times (x 176B)
Class com.google.common.collect.PeekingIterator                                       : loaded 2 times (x 68B)
Class com.google.common.collect.ImmutableMapEntrySet                                  : loaded 2 times (x 149B)
Class com.google.common.cache.CacheLoader                                             : loaded 2 times (x 72B)
Class com.google.common.collect.ImmutableBiMapFauxverideShim                          : loaded 2 times (x 118B)
Class com.google.common.cache.Cache                                                   : loaded 2 times (x 68B)
Class org.gradle.internal.classloader.SystemClassLoaderSpec                           : loaded 2 times (x 69B)
Class com.google.common.collect.SingletonImmutableSet                                 : loaded 2 times (x 144B)
Class [Lcom.google.common.base.AbstractIterator$State;                                : loaded 2 times (x 67B)
Class com.google.common.collect.ImmutableMap$Builder                                  : loaded 2 times (x 80B)
Class com.google.common.base.AbstractIterator                                         : loaded 2 times (x 78B)
Class com.google.common.base.AbstractIterator$1                                       : loaded 2 times (x 69B)
Class com.google.common.collect.Iterators                                             : loaded 2 times (x 69B)
Class com.google.common.base.CharMatcher$1                                            : loaded 2 times (x 111B)
Class com.google.common.base.CharMatcher$Ascii                                        : loaded 2 times (x 110B)
Class org.gradle.api.UncheckedIOException                                             : loaded 2 times (x 80B)
Class com.google.common.base.CharMatcher$And                                          : loaded 2 times (x 110B)
Class com.google.common.collect.IndexedImmutableSet                                   : loaded 2 times (x 148B)
Class com.google.common.collect.AbstractListMultimap                                  : loaded 2 times (x 170B)
Class com.google.common.base.CharMatcher$Any                                          : loaded 2 times (x 110B)
Class org.gradle.internal.installation.GradleInstallation                             : loaded 2 times (x 73B)
Class com.google.common.collect.ArrayListMultimapGwtSerializationDependencies         : loaded 2 times (x 170B)
Class com.google.common.base.CharMatcher$RangesMatcher                                : loaded 2 times (x 110B)
Class com.google.common.collect.ImmutableList$SubList                                 : loaded 2 times (x 168B)
Class org.gradle.internal.classloader.ClasspathUtil                                   : loaded 2 times (x 69B)
Class com.google.common.base.Splitter$1                                               : loaded 2 times (x 75B)
Class com.google.common.base.Ticker$1                                                 : loaded 2 times (x 70B)
Class com.google.common.collect.Maps$BiMapConverter                                   : loaded 2 times (x 88B)
Class org.gradle.api.internal.DefaultClassPathRegistry                                : loaded 2 times (x 74B)
Class com.google.common.collect.ImmutableSet$SetBuilderImpl                           : loaded 2 times (x 74B)
Class org.gradle.api.internal.classpath.DefaultModuleRegistry$DefaultModule           : loaded 2 times (x 84B)
Class com.google.common.base.CharMatcher$JavaIsoControl                               : loaded 2 times (x 110B)
Class com.google.common.collect.ImmutableMap$1                                        : loaded 2 times (x 79B)
Class com.google.common.base.CharMatcher$Or                                           : loaded 2 times (x 110B)
Class org.gradle.kotlin.dsl.VersionCatalogAccessorsKt                                 : loaded 2 times (x 69B)
Class com.google.common.base.Suppliers$SupplierOfInstance                             : loaded 2 times (x 77B)
Class com.google.common.collect.Iterables                                             : loaded 2 times (x 69B)
Class com.google.common.base.CharMatcher$JavaLowerCase                                : loaded 2 times (x 109B)
Class org.gradle.api.internal.classpath.UnknownModuleException                        : loaded 2 times (x 80B)
Class com.google.common.collect.Maps$EntryTransformer                                 : loaded 2 times (x 68B)
Class com.google.common.collect.ImmutableCollection$Builder                           : loaded 2 times (x 74B)
Class com.google.common.base.CommonPattern                                            : loaded 2 times (x 72B)
Class com.google.common.base.Suppliers                                                : loaded 2 times (x 69B)
Class com.google.common.cache.LoadingCache                                            : loaded 2 times (x 68B)
Class org.gradle.internal.service.ServiceLookupException                              : loaded 2 times (x 80B)
Class org.gradle.cache.GlobalCache                                                    : loaded 2 times (x 68B)
Class com.google.common.base.CharMatcher$NegatedFastMatcher                           : loaded 2 times (x 111B)
Class [Lorg.gradle.api.internal.ClassPathProvider;                                    : loaded 2 times (x 67B)
Class org.gradle.util.internal.GUtil                                                  : loaded 2 times (x 69B)
Class com.google.common.math.IntMath                                                  : loaded 2 times (x 69B)
Class com.google.common.collect.AbstractIterator                                      : loaded 2 times (x 80B)
Class org.gradle.internal.classloader.ClassLoaderSpec                                 : loaded 2 times (x 69B)
Class com.google.common.base.NullnessCasts                                            : loaded 2 times (x 69B)
Class com.google.common.cache.LocalCache$LocalManualCache                             : loaded 2 times (x 97B)
Class com.google.common.collect.AbstractMapEntry                                      : loaded 2 times (x 79B)
Class com.google.common.base.CharMatcher$Negated                                      : loaded 2 times (x 111B)
Class com.google.common.cache.CacheLoader$1                                           : loaded 2 times (x 73B)
Class com.google.common.collect.ImmutableSet$Builder                                  : loaded 2 times (x 83B)
Class com.google.common.base.CharMatcher$ForPredicate                                 : loaded 2 times (x 110B)
Class com.google.common.collect.ImmutableMap$MapViewOfValuesAsSingletonSets           : loaded 2 times (x 123B)
Class com.google.common.collect.SortedMapDifference                                   : loaded 2 times (x 68B)
Class com.google.common.cache.CacheStats                                              : loaded 2 times (x 69B)
Class org.gradle.internal.classloader.VisitableURLClassLoader                         : loaded 2 times (x 115B)
Class com.google.common.cache.LocalCache$LocalLoadingCache                            : loaded 2 times (x 132B)
Class com.google.common.base.Supplier                                                 : loaded 2 times (x 68B)
Class com.google.common.collect.ImmutableBiMap                                        : loaded 2 times (x 141B)
Class org.gradle.internal.Cast                                                        : loaded 2 times (x 69B)
Class Build_gradle                                                                    : loaded 2 times (x 70B)
Class org.gradle.api.internal.ClassPathRegistry                                       : loaded 2 times (x 68B)
Class com.google.common.util.concurrent.UncheckedExecutionException                   : loaded 2 times (x 80B)
Class com.google.common.collect.ImmutableSet                                          : loaded 2 times (x 143B)
Class org.gradle.internal.classloader.VisitableURLClassLoader$InstrumentingVisitableURLClassLoader: loaded 2 times (x 121B)
Class org.gradle.internal.classloader.ClassLoaderHierarchy                            : loaded 2 times (x 68B)
Class com.google.common.base.AbstractIterator$State                                   : loaded 2 times (x 77B)
Class com.google.common.base.CharMatcher$NamedFastMatcher                             : loaded 2 times (x 110B)
Class org.gradle.internal.InternalTransformer                                         : loaded 2 times (x 68B)
Class org.gradle.internal.service.ServiceLocator                                      : loaded 2 times (x 68B)
Class Settings_gradle$1                                                               : loaded 2 times (x 72B)
Class com.google.common.collect.ImmutableMapEntry                                     : loaded 2 times (x 83B)
Class com.google.common.base.CharMatcher$Invisible                                    : loaded 2 times (x 110B)
Class com.google.common.base.CharMatcher$FastMatcher                                  : loaded 2 times (x 109B)
Class org.gradle.internal.classpath.DefaultClassPath$ImmutableUniqueList              : loaded 2 times (x 159B)
Class com.google.common.base.CharMatcher$JavaLetter                                   : loaded 2 times (x 109B)
Class org.gradle.internal.classpath.TransformedClassPath                              : loaded 2 times (x 94B)
Class com.google.common.collect.MapDifference                                         : loaded 2 times (x 68B)
Class Settings_gradle                                                                 : loaded 2 times (x 126B)
Class com.google.common.collect.Platform                                              : loaded 2 times (x 69B)
Class com.google.common.collect.ImmutableAsList                                       : loaded 2 times (x 169B)
Class com.google.common.base.CharMatcher$AnyOf                                        : loaded 2 times (x 110B)
Class com.google.common.base.CharMatcher$IsEither                                     : loaded 2 times (x 109B)
Class com.google.common.collect.RegularImmutableList                                  : loaded 2 times (x 172B)
Class com.google.common.base.CharMatcher$JavaUpperCase                                : loaded 2 times (x 109B)
Class com.google.common.collect.Multiset                                              : loaded 2 times (x 68B)
Class com.google.common.collect.ImmutableSet$CachingAsList                            : loaded 2 times (x 145B)
Class com.google.common.collect.ImmutableMapEntry$NonTerminalImmutableMapEntry        : loaded 2 times (x 83B)
Class com.google.common.collect.AbstractMapBasedMultimap                              : loaded 2 times (x 137B)


---------------  S Y S T E M  ---------------

OS:
 Windows 11 , 64 bit Build 22621 (10.0.22621.3672)
OS uptime: 0 days 9:12 hours
Hyper-V role detected

CPU: total 16 (initial active 16) (16 cores per cpu, 2 threads per core) family 25 model 116 stepping 1 microcode 0x0, cx8, cmov, fxsr, ht, mmx, 3dnowpref, sse, sse2, sse3, ssse3, sse4a, sse4.1, sse4.2, popcnt, lzcnt, tsc, tscinvbit, avx, avx2, aes, erms, clmul, bmi1, bmi2, adx, avx512f, avx512dq, avx512cd, avx512bw, avx512vl, sha, fma, vzeroupper, avx512_vpopcntdq, avx512_vpclmulqdq, avx512_vaes, avx512_vnni, clflush, clflushopt, avx512_vbmi2, avx512_vbmi, hv
Processor Information for all 16 processors :
  Max Mhz: 3801, Current Mhz: 3801, Mhz Limit: 3801

Memory: 4k page, system-wide physical 15654M (7764M free)
TotalPageFile size 15654M (AvailPageFile size 50M)
current process WorkingSet (physical memory assigned to process): 319M, peak: 319M
current process commit charge ("private bytes"): 374M, peak: 427M

vm_info: OpenJDK 64-Bit Server VM (17.0.10+0--11572160) for windows-amd64 JRE (17.0.10+0--11572160), built on Mar 13 2024 23:56:38 by "androidbuild" with MS VC++ 16.10 / 16.11 (VS2019)

END.
